#
# A fatal error has been detected by the Java Runtime Environment:
#
#  EXCEPTION_ACCESS_VIOLATION (0xc0000005) at pc=0x00007ffdf087c530, pid=18456, tid=15404
#
# JRE version: OpenJDK Runtime Environment Temurin-17.0.14+7 (17.0.14+7) (build 17.0.14+7)
# Java VM: OpenJDK 64-Bit Server VM Temurin-17.0.14+7 (17.0.14+7, mixed mode, sharing, tiered, compressed oops, compressed class ptrs, g1 gc, windows-amd64)
# Problematic frame:
# C  [lwjgl.dll+0x1c530]
#
# No core dump will be written. Minidumps are not enabled by default on client versions of Windows
#
# If you would like to submit a bug report, please visit:
#   https://github.com/adoptium/adoptium-support/issues
# The crash happened outside the Java Virtual Machine in native code.
# See problematic frame for where to report the bug.
#

---------------  S U M M A R Y ------------

Command Line: -Dfile.encoding=windows-1252 -Duser.country=GB -Duser.language=en -Duser.variant com.letsbegin.core.game.Launcher

Host: AMD Ryzen 5 3400G with Radeon Vega Graphics    , 8 cores, 13G,  Windows 11 , 64 bit Build 22621 (10.0.22621.3235)
Time: Wed Mar 19 19:17:10 2025 Taipei Standard Time elapsed time: 0.937843 seconds (0d 0h 0m 0s)

---------------  T H R E A D  ---------------

Current thread (0x000001af7c09ce20):  JavaThread "main" [_thread_in_native, id=15404, stack(0x000000589ce00000,0x000000589cf00000)]

Stack: [0x000000589ce00000,0x000000589cf00000],  sp=0x000000589ceff388,  free space=1020k
Native frames: (J=compiled Java code, j=interpreted, Vv=VM code, C=native code)
C  [lwjgl.dll+0x1c530]

Java frames: (J=compiled Java code, j=interpreted, Vv=VM code)
j  org.lwjgl.system.dyncall.DynCallback.ndcbGetUserData(J)J+0
j  org.lwjgl.system.dyncall.DynCallback.dcbGetUserData(J)J+12
j  org.lwjgl.system.Callback.free(J)V+12
j  org.lwjgl.system.Callback.free()V+4
j  com.letsbegin.core.engine.EngineManager.cleanup()V+11
j  com.letsbegin.core.engine.EngineManager.run()V+166
j  com.letsbegin.core.engine.EngineManager.start()V+13
j  com.letsbegin.core.game.Launcher.main([Ljava/lang/String;)V+47
v  ~StubRoutines::call_stub

siginfo: EXCEPTION_ACCESS_VIOLATION (0xc0000005), reading address 0x000001af66430020


Registers:
RAX=0x00007ffdf08799d0, RBX=0x000001af614c5068, RCX=0x000001af66430000, RDX=0x000000589ceff418
RSP=0x000000589ceff388, RBP=0x000000589ceff408, RSI=0x0000000000000110, RDI=0x000000000000024c
R8 =0x000001af66430000, R9 =0x000000072eadd940, R10=0x000001af0efbd6b2, R11=0x000000072e6f3650
R12=0x0000000000000000, R13=0x000001af614c5068, R14=0x000000589ceff430, R15=0x000001af7c09ce20
RIP=0x00007ffdf087c530, EFLAGS=0x0000000000010206


Register to memory mapping:

RIP=0x00007ffdf087c530 lwjgl.dll
RAX=0x00007ffdf08799d0 lwjgl.dll
RBX={method} {0x000001af614c5070} 'ndcbGetUserData' '(J)J' in 'org/lwjgl/system/dyncall/DynCallback'
RCX=0x000001af66430000 is an unknown value
RDX=0x000000589ceff418 is pointing into the stack for thread: 0x000001af7c09ce20
RSP=0x000000589ceff388 is pointing into the stack for thread: 0x000001af7c09ce20
RBP=0x000000589ceff408 is pointing into the stack for thread: 0x000001af7c09ce20
RSI=0x0000000000000110 is an unknown value
RDI=0x000000000000024c is an unknown value
R8 =0x000001af66430000 is an unknown value
R9 =0x000000072eadd940 is an oop: java.lang.Class 
{0x000000072eadd940} - klass: 'java/lang/Class'
 - ---- fields (total size 15 words):
 - private volatile transient 'classRedefinedCount' 'I' @12  0
 - private volatile transient 'cachedConstructor' 'Ljava/lang/reflect/Constructor;' @40  NULL (0)
 - private transient 'name' 'Ljava/lang/String;' @44  "org.lwjgl.system.Checks"{0x000000072eadd9c8} (e5d5bb39)
 - private transient 'module' 'Ljava/lang/Module;' @48  a 'java/lang/Module'{0x000000072f0fab60} (e5e1f56c)
 - private final 'classLoader' 'Ljava/lang/ClassLoader;' @52  a 'jdk/internal/loader/ClassLoaders$AppClassLoader'{0x000000072f0fa9a0} (e5e1f534)
 - private transient 'classData' 'Ljava/lang/Object;' @56  NULL (0)
 - private transient 'packageName' 'Ljava/lang/String;' @60  "org.lwjgl.system"{0x000000072ed95158} (e5db2a2b)
 - private final 'componentType' 'Ljava/lang/Class;' @64  NULL (0)
 - private volatile transient 'reflectionData' 'Ljava/lang/ref/SoftReference;' @68  NULL (0)
 - private volatile transient 'genericInfo' 'Lsun/reflect/generics/repository/ClassRepository;' @72  NULL (0)
 - private volatile transient 'enumConstants' '[Ljava/lang/Object;' @76  NULL (0)
 - private volatile transient 'enumConstantDirectory' 'Ljava/util/Map;' @80  NULL (0)
 - private volatile transient 'annotationData' 'Ljava/lang/Class$AnnotationData;' @84  NULL (0)
 - private volatile transient 'annotationType' 'Lsun/reflect/annotation/AnnotationType;' @88  NULL (0)
 - transient 'classValueMap' 'Ljava/lang/ClassValue$ClassValueMap;' @92  NULL (0)
 - signature: Lorg/lwjgl/system/Checks;
 - fake entry for mirror: 'org/lwjgl/system/Checks'
 - fake entry for array: NULL
 - fake entry for oop_size: 15
 - fake entry for static_oop_field_count: 0
 - public static final 'CHECKS' 'Z' @112  true
 - public static final 'DEBUG' 'Z' @113  false
 - public static final 'DEBUG_FUNCTIONS' 'Z' @114  false
R10=0x000001af0efbd6b2 is at code_begin+946 in an Interpreter codelet
method entry point (kind = native)  [0x000001af0efbd300, 0x000001af0efbdc80]  2432 bytes
R11=0x000000072e6f3650 is an oop: java.lang.Class 
{0x000000072e6f3650} - klass: 'java/lang/Class'
 - ---- fields (total size 16 words):
 - private volatile transient 'classRedefinedCount' 'I' @12  0
 - private volatile transient 'cachedConstructor' 'Ljava/lang/reflect/Constructor;' @40  NULL (0)
 - private transient 'name' 'Ljava/lang/String;' @44  "org.lwjgl.system.dyncall.DynCallback"{0x000000072e6f36e0} (e5cde6dc)
 - private transient 'module' 'Ljava/lang/Module;' @48  a 'java/lang/Module'{0x000000072f0fab60} (e5e1f56c)
 - private final 'classLoader' 'Ljava/lang/ClassLoader;' @52  a 'jdk/internal/loader/ClassLoaders$AppClassLoader'{0x000000072f0fa9a0} (e5e1f534)
 - private transient 'classData' 'Ljava/lang/Object;' @56  NULL (0)
 - private transient 'packageName' 'Ljava/lang/String;' @60  "org.lwjgl.system.dyncall"{0x000000072e6eefc8} (e5cdddf9)
 - private final 'componentType' 'Ljava/lang/Class;' @64  NULL (0)
 - private volatile transient 'reflectionData' 'Ljava/lang/ref/SoftReference;' @68  NULL (0)
 - private volatile transient 'genericInfo' 'Lsun/reflect/generics/repository/ClassRepository;' @72  NULL (0)
 - private volatile transient 'enumConstants' '[Ljava/lang/Object;' @76  NULL (0)
 - private volatile transient 'enumConstantDirectory' 'Ljava/util/Map;' @80  NULL (0)
 - private volatile transient 'annotationData' 'Ljava/lang/Class$AnnotationData;' @84  NULL (0)
 - private volatile transient 'annotationType' 'Lsun/reflect/annotation/AnnotationType;' @88  NULL (0)
 - transient 'classValueMap' 'Ljava/lang/ClassValue$ClassValueMap;' @92  NULL (0)
 - signature: Lorg/lwjgl/system/dyncall/DynCallback;
 - fake entry for mirror: 'org/lwjgl/system/dyncall/DynCallback'
 - fake entry for array: NULL
 - fake entry for oop_size: 16
 - fake entry for static_oop_field_count: 0
 - public static final 'DCB_SIGCHAR_CC_PREFIX' 'C' @112  _ 95 (5f)
 - public static final 'DCB_SIGCHAR_CC_ELLIPSIS' 'C' @114  e 101 (65)
 - public static final 'DCB_SIGCHAR_CC_STDCALL' 'C' @116  s 115 (73)
 - public static final 'DCB_SIGCHAR_CC_FASTCALL_GNU' 'C' @118  f 102 (66)
 - public static final 'DCB_SIGCHAR_CC_FASTCALL_MS' 'C' @120  F 70 (46)
 - public static final 'DCB_SIGCHAR_CC_THISCALL_MS' 'C' @122  + 43 (2b)
R12=0x0 is NULL
R13={method} {0x000001af614c5070} 'ndcbGetUserData' '(J)J' in 'org/lwjgl/system/dyncall/DynCallback'
R14=0x000000589ceff430 is pointing into the stack for thread: 0x000001af7c09ce20
R15=0x000001af7c09ce20 is a thread


Top of Stack: (sp=0x000000589ceff388)
0x000000589ceff388:   000001af0efbd6e1 000001af7c09ce20
0x000000589ceff398:   000001af0efb9520 000000589cefef70
0x000000589ceff3a8:   0000000000000000 000000589cefef70
0x000000589ceff3b8:   000001af0efbdbc3 000000589ceff3c0
0x000000589ceff3c8:   0000000000000000 000000589ceff430
0x000000589ceff3d8:   000001af614c68b8 0000000000000000
0x000000589ceff3e8:   000000072e6f3650 000001af614c5068
0x000000589ceff3f8:   0000000000000000 000000589ceff428
0x000000589ceff408:   000000589ceff480 000001af0efb95ef
0x000000589ceff418:   000000072e6f3650 000001af0efbaff7
0x000000589ceff428:   000001af66430000 0000000000000000
0x000000589ceff438:   000000589ceff438 000001af614c510c
0x000000589ceff448:   000000589ceff498 000001af614c68b8
0x000000589ceff458:   0000000000000000 000000072e6f3650
0x000000589ceff468:   000001af614c5138 000000589ceff428
0x000000589ceff478:   000000589ceff490 000000589ceff4e8
0x000000589ceff488:   000001af0efb95ef 000001af66430000
0x000000589ceff498:   0000000000000000 000000589ceff4a0
0x000000589ceff4a8:   000001af614b4d2c 000000589ceff500
0x000000589ceff4b8:   000001af614b5908 0000000000000000
0x000000589ceff4c8:   000000072e6172c8 000001af614b4d50
0x000000589ceff4d8:   000000589ceff490 000000589ceff4f8
0x000000589ceff4e8:   000000589ceff550 000001af0efb9520
0x000000589ceff4f8:   000001af66430000 0000000000000000
0x000000589ceff508:   000000589ceff508 000001af614b4724
0x000000589ceff518:   000000589ceff560 000001af614b5908
0x000000589ceff528:   0000000000000000 000000072e6172c8
0x000000589ceff538:   000001af614b4740 000000589ceff4f8
0x000000589ceff548:   000000589ceff560 000000589ceff5b0
0x000000589ceff558:   000001af0efb9520 000000072e6e6e20
0x000000589ceff568:   000000589ceff568 000001af614b15e3
0x000000589ceff578:   000000589ceff5c0 000001af614b25e8 

Instructions: (pc=0x00007ffdf087c530)
0x00007ffdf087c430:   48 63 41 08 4c 8b c1 83 f8 04 7d 0f 48 8b d0 ff
0x00007ffdf087c440:   c0 89 41 08 f2 0f 10 44 d1 30 c3 48 8b 09 48 8d
0x00007ffdf087c450:   41 08 49 89 00 f2 0f 10 01 c3 cc cc cc cc cc cc
0x00007ffdf087c460:   48 63 41 08 4c 8b c1 83 f8 04 7d 0f 48 8b d0 ff
0x00007ffdf087c470:   c0 89 41 08 f3 0f 10 44 d1 30 c3 48 8b 09 48 8d
0x00007ffdf087c480:   41 08 49 89 00 f3 0f 10 01 c3 cc cc cc cc cc cc
0x00007ffdf087c490:   4c 8b c1 48 63 49 08 83 f9 04 7d 0f 8d 41 01 49
0x00007ffdf087c4a0:   8d 14 c8 41 89 40 08 8b 42 10 c3 49 8b 08 48 8d
0x00007ffdf087c4b0:   41 08 49 89 00 8b 01 c3 cc cc cc cc cc cc cc cc
0x00007ffdf087c4c0:   48 63 51 08 4c 8b c1 83 fa 04 7d 0e 48 8b c2 ff
0x00007ffdf087c4d0:   c2 89 51 08 48 8b 44 c1 10 c3 48 8b 01 48 8d 48
0x00007ffdf087c4e0:   08 49 89 08 48 8b 00 c3 cc cc cc cc cc cc cc cc
0x00007ffdf087c4f0:   4c 8b c1 48 63 49 08 83 f9 04 7d 10 8d 41 01 49
0x00007ffdf087c500:   8d 14 c8 41 89 40 08 0f b7 42 10 c3 49 8b 08 48
0x00007ffdf087c510:   8d 41 08 49 89 00 0f b7 01 c3 cc cc cc cc cc cc
0x00007ffdf087c520:   ba 28 00 00 00 e9 e6 00 00 00 cc cc cc cc cc cc
0x00007ffdf087c530:   48 8b 41 20 c3 cc cc cc cc cc cc cc cc cc cc cc
0x00007ffdf087c540:   4c 89 41 18 4c 89 49 20 c3 cc cc cc cc cc cc cc
0x00007ffdf087c550:   48 89 5c 24 08 57 48 83 ec 20 48 8b fa b9 28 00
0x00007ffdf087c560:   00 00 48 8d 54 24 48 49 8b d8 e8 61 00 00 00 85
0x00007ffdf087c570:   c0 75 40 48 8b 4c 24 48 48 8d 15 2c 01 00 00 e8
0x00007ffdf087c580:   9c 00 00 00 48 8b 44 24 48 ba 28 00 00 00 48 89
0x00007ffdf087c590:   78 18 48 89 58 20 48 8b 4c 24 48 e8 10 dc ff ff
0x00007ffdf087c5a0:   85 c0 74 1c 48 8b 4c 24 48 ba 28 00 00 00 e8 5d
0x00007ffdf087c5b0:   00 00 00 33 c0 48 8b 5c 24 30 48 83 c4 20 5f c3
0x00007ffdf087c5c0:   48 8b 44 24 48 48 8b 5c 24 30 48 83 c4 20 5f c3
0x00007ffdf087c5d0:   40 53 48 83 ec 20 48 8b da 41 b9 40 00 00 00 48
0x00007ffdf087c5e0:   8b d1 41 b8 00 10 00 00 33 c9 ff 15 58 ea 01 00
0x00007ffdf087c5f0:   48 85 c0 75 0b b8 ff ff ff ff 48 83 c4 20 5b c3
0x00007ffdf087c600:   48 89 03 33 c0 48 83 c4 20 5b c3 cc cc cc cc cc
0x00007ffdf087c610:   33 d2 41 b8 00 80 00 00 48 ff 25 31 ea 01 00 cc
0x00007ffdf087c620:   48 b8 25 03 00 00 00 90 90 90 48 c7 01 48 8d 05 


Stack slot to memory mapping:
stack at sp + 0 slots: 0x000001af0efbd6e1 is at code_begin+993 in an Interpreter codelet
method entry point (kind = native)  [0x000001af0efbd300, 0x000001af0efbdc80]  2432 bytes
stack at sp + 1 slots: 0x000001af7c09ce20 is a thread
stack at sp + 2 slots: 0x000001af0efb9520 is at code_begin+1152 in an Interpreter codelet
return entry points  [0x000001af0efb90a0, 0x000001af0efb9c00]  2912 bytes
stack at sp + 3 slots: 0x000000589cefef70 is pointing into the stack for thread: 0x000001af7c09ce20
stack at sp + 4 slots: 0x0 is NULL
stack at sp + 5 slots: 0x000000589cefef70 is pointing into the stack for thread: 0x000001af7c09ce20
stack at sp + 6 slots: 0x000001af0efbdbc3 is at code_begin+2243 in an Interpreter codelet
method entry point (kind = native)  [0x000001af0efbd300, 0x000001af0efbdc80]  2432 bytes
stack at sp + 7 slots: 0x000000589ceff3c0 is pointing into the stack for thread: 0x000001af7c09ce20


---------------  P R O C E S S  ---------------

Threads class SMR info:
_java_thread_list=0x000001af713e62d0, length=14, elements={
0x000001af7c09ce20, 0x000001af1fdf3f90, 0x000001af1fdf4d20, 0x000001af1fe0ab60,
0x000001af1fe0b630, 0x000001af1fe0e010, 0x000001af1fe0e8e0, 0x000001af1fe102d0,
0x000001af1fe10be0, 0x000001af650120c0, 0x000001af6512a0b0, 0x000001af65136240,
0x000001af712ee760, 0x000001af71501ad0
}

Java Threads: ( => current thread )
=>0x000001af7c09ce20 JavaThread "main" [_thread_in_native, id=15404, stack(0x000000589ce00000,0x000000589cf00000)]
  0x000001af1fdf3f90 JavaThread "Reference Handler" daemon [_thread_blocked, id=3132, stack(0x000000589d500000,0x000000589d600000)]
  0x000001af1fdf4d20 JavaThread "Finalizer" daemon [_thread_blocked, id=15792, stack(0x000000589d600000,0x000000589d700000)]
  0x000001af1fe0ab60 JavaThread "Signal Dispatcher" daemon [_thread_blocked, id=10496, stack(0x000000589d700000,0x000000589d800000)]
  0x000001af1fe0b630 JavaThread "Attach Listener" daemon [_thread_blocked, id=10320, stack(0x000000589d800000,0x000000589d900000)]
  0x000001af1fe0e010 JavaThread "Service Thread" daemon [_thread_blocked, id=3308, stack(0x000000589d900000,0x000000589da00000)]
  0x000001af1fe0e8e0 JavaThread "Monitor Deflation Thread" daemon [_thread_blocked, id=14436, stack(0x000000589da00000,0x000000589db00000)]
  0x000001af1fe102d0 JavaThread "C2 CompilerThread0" daemon [_thread_in_native, id=6588, stack(0x000000589db00000,0x000000589dc00000)]
  0x000001af1fe10be0 JavaThread "C1 CompilerThread0" daemon [_thread_blocked, id=14596, stack(0x000000589dc00000,0x000000589dd00000)]
  0x000001af650120c0 JavaThread "Sweeper thread" daemon [_thread_blocked, id=13616, stack(0x000000589dd00000,0x000000589de00000)]
  0x000001af6512a0b0 JavaThread "Notification Thread" daemon [_thread_blocked, id=17160, stack(0x000000589de00000,0x000000589df00000)]
  0x000001af65136240 JavaThread "Common-Cleaner" daemon [_thread_blocked, id=3340, stack(0x000000589e000000,0x000000589e100000)]
  0x000001af712ee760 JavaThread "C2 CompilerThread1" daemon [_thread_blocked, id=15148, stack(0x000000589e700000,0x000000589e800000)]
  0x000001af71501ad0 JavaThread "C2 CompilerThread2" daemon [_thread_blocked, id=18452, stack(0x000000589e800000,0x000000589e900000)]

Other Threads:
  0x000001af1fdee9e0 VMThread "VM Thread" [stack: 0x000000589d400000,0x000000589d500000] [id=16312]
  0x000001af6512c5a0 WatcherThread [stack: 0x000000589df00000,0x000000589e000000] [id=18820]
  0x000001af7c0ff5a0 GCTaskThread "GC Thread#0" [stack: 0x000000589cf00000,0x000000589d000000] [id=15868]
  0x000001af7c10e2d0 ConcurrentGCThread "G1 Main Marker" [stack: 0x000000589d000000,0x000000589d100000] [id=18760]
  0x000001af7c10f3a0 ConcurrentGCThread "G1 Conc#0" [stack: 0x000000589d100000,0x000000589d200000] [id=5376]
  0x000001af7c13e9d0 ConcurrentGCThread "G1 Refine#0" [stack: 0x000000589d200000,0x000000589d300000] [id=14264]
  0x000001af1fca5580 ConcurrentGCThread "G1 Service" [stack: 0x000000589d300000,0x000000589d400000] [id=16164]

Threads with active compile tasks:
C2 CompilerThread0      971  732   !   4       jdk.internal.loader.URLClassPath$JarLoader::getResource (354 bytes)

VM state: not at safepoint (normal execution)

VM Mutex/Monitor currently owned by a thread: None

Heap address: 0x0000000721200000, size: 3566 MB, Compressed Oops mode: Zero based, Oop shift amount: 3

CDS archive(s) mapped at: [0x000001af20000000-0x000001af20bb0000-0x000001af20bb0000), size 12255232, SharedBaseAddress: 0x000001af20000000, ArchiveRelocationMode: 1.
Compressed class space mapped at: 0x000001af21000000-0x000001af61000000, reserved size: 1073741824
Narrow klass base: 0x000001af20000000, Narrow klass shift: 0, Narrow klass range: 0x100000000

GC Precious Log:
 CPUs: 8 total, 8 available
 Memory: 14258M
 Large Page Support: Disabled
 NUMA Support: Disabled
 Compressed Oops: Enabled (Zero based)
 Heap Region Size: 2M
 Heap Min Capacity: 8M
 Heap Initial Capacity: 224M
 Heap Max Capacity: 3566M
 Pre-touch: Disabled
 Parallel Workers: 8
 Concurrent Workers: 2
 Concurrent Refinement Workers: 8
 Periodic GC: Disabled

Heap:
 garbage-first heap   total 229376K, used 16384K [0x0000000721200000, 0x0000000800000000)
  region size 2048K, 10 young (20480K), 0 survivors (0K)
 Metaspace       used 4623K, committed 4800K, reserved 1114112K
  class space    used 236K, committed 320K, reserved 1048576K

Heap Regions: E=young(eden), S=young(survivor), O=old, HS=humongous(starts), HC=humongous(continues), CS=collection set, F=free, OA=open archive, CA=closed archive, TAMS=top-at-mark-start (previous, next)
|   0|0x0000000721200000, 0x0000000721200000, 0x0000000721400000|  0%| F|  |TAMS 0x0000000721200000, 0x0000000721200000| Untracked 
|   1|0x0000000721400000, 0x0000000721400000, 0x0000000721600000|  0%| F|  |TAMS 0x0000000721400000, 0x0000000721400000| Untracked 
|   2|0x0000000721600000, 0x0000000721600000, 0x0000000721800000|  0%| F|  |TAMS 0x0000000721600000, 0x0000000721600000| Untracked 
|   3|0x0000000721800000, 0x0000000721800000, 0x0000000721a00000|  0%| F|  |TAMS 0x0000000721800000, 0x0000000721800000| Untracked 
|   4|0x0000000721a00000, 0x0000000721a00000, 0x0000000721c00000|  0%| F|  |TAMS 0x0000000721a00000, 0x0000000721a00000| Untracked 
|   5|0x0000000721c00000, 0x0000000721c00000, 0x0000000721e00000|  0%| F|  |TAMS 0x0000000721c00000, 0x0000000721c00000| Untracked 
|   6|0x0000000721e00000, 0x0000000721e00000, 0x0000000722000000|  0%| F|  |TAMS 0x0000000721e00000, 0x0000000721e00000| Untracked 
|   7|0x0000000722000000, 0x0000000722000000, 0x0000000722200000|  0%| F|  |TAMS 0x0000000722000000, 0x0000000722000000| Untracked 
|   8|0x0000000722200000, 0x0000000722200000, 0x0000000722400000|  0%| F|  |TAMS 0x0000000722200000, 0x0000000722200000| Untracked 
|   9|0x0000000722400000, 0x0000000722400000, 0x0000000722600000|  0%| F|  |TAMS 0x0000000722400000, 0x0000000722400000| Untracked 
|  10|0x0000000722600000, 0x0000000722600000, 0x0000000722800000|  0%| F|  |TAMS 0x0000000722600000, 0x0000000722600000| Untracked 
|  11|0x0000000722800000, 0x0000000722800000, 0x0000000722a00000|  0%| F|  |TAMS 0x0000000722800000, 0x0000000722800000| Untracked 
|  12|0x0000000722a00000, 0x0000000722a00000, 0x0000000722c00000|  0%| F|  |TAMS 0x0000000722a00000, 0x0000000722a00000| Untracked 
|  13|0x0000000722c00000, 0x0000000722c00000, 0x0000000722e00000|  0%| F|  |TAMS 0x0000000722c00000, 0x0000000722c00000| Untracked 
|  14|0x0000000722e00000, 0x0000000722e00000, 0x0000000723000000|  0%| F|  |TAMS 0x0000000722e00000, 0x0000000722e00000| Untracked 
|  15|0x0000000723000000, 0x0000000723000000, 0x0000000723200000|  0%| F|  |TAMS 0x0000000723000000, 0x0000000723000000| Untracked 
|  16|0x0000000723200000, 0x0000000723200000, 0x0000000723400000|  0%| F|  |TAMS 0x0000000723200000, 0x0000000723200000| Untracked 
|  17|0x0000000723400000, 0x0000000723400000, 0x0000000723600000|  0%| F|  |TAMS 0x0000000723400000, 0x0000000723400000| Untracked 
|  18|0x0000000723600000, 0x0000000723600000, 0x0000000723800000|  0%| F|  |TAMS 0x0000000723600000, 0x0000000723600000| Untracked 
|  19|0x0000000723800000, 0x0000000723800000, 0x0000000723a00000|  0%| F|  |TAMS 0x0000000723800000, 0x0000000723800000| Untracked 
|  20|0x0000000723a00000, 0x0000000723a00000, 0x0000000723c00000|  0%| F|  |TAMS 0x0000000723a00000, 0x0000000723a00000| Untracked 
|  21|0x0000000723c00000, 0x0000000723c00000, 0x0000000723e00000|  0%| F|  |TAMS 0x0000000723c00000, 0x0000000723c00000| Untracked 
|  22|0x0000000723e00000, 0x0000000723e00000, 0x0000000724000000|  0%| F|  |TAMS 0x0000000723e00000, 0x0000000723e00000| Untracked 
|  23|0x0000000724000000, 0x0000000724000000, 0x0000000724200000|  0%| F|  |TAMS 0x0000000724000000, 0x0000000724000000| Untracked 
|  24|0x0000000724200000, 0x0000000724200000, 0x0000000724400000|  0%| F|  |TAMS 0x0000000724200000, 0x0000000724200000| Untracked 
|  25|0x0000000724400000, 0x0000000724400000, 0x0000000724600000|  0%| F|  |TAMS 0x0000000724400000, 0x0000000724400000| Untracked 
|  26|0x0000000724600000, 0x0000000724600000, 0x0000000724800000|  0%| F|  |TAMS 0x0000000724600000, 0x0000000724600000| Untracked 
|  27|0x0000000724800000, 0x0000000724800000, 0x0000000724a00000|  0%| F|  |TAMS 0x0000000724800000, 0x0000000724800000| Untracked 
|  28|0x0000000724a00000, 0x0000000724a00000, 0x0000000724c00000|  0%| F|  |TAMS 0x0000000724a00000, 0x0000000724a00000| Untracked 
|  29|0x0000000724c00000, 0x0000000724c00000, 0x0000000724e00000|  0%| F|  |TAMS 0x0000000724c00000, 0x0000000724c00000| Untracked 
|  30|0x0000000724e00000, 0x0000000724e00000, 0x0000000725000000|  0%| F|  |TAMS 0x0000000724e00000, 0x0000000724e00000| Untracked 
|  31|0x0000000725000000, 0x0000000725000000, 0x0000000725200000|  0%| F|  |TAMS 0x0000000725000000, 0x0000000725000000| Untracked 
|  32|0x0000000725200000, 0x0000000725200000, 0x0000000725400000|  0%| F|  |TAMS 0x0000000725200000, 0x0000000725200000| Untracked 
|  33|0x0000000725400000, 0x0000000725400000, 0x0000000725600000|  0%| F|  |TAMS 0x0000000725400000, 0x0000000725400000| Untracked 
|  34|0x0000000725600000, 0x0000000725600000, 0x0000000725800000|  0%| F|  |TAMS 0x0000000725600000, 0x0000000725600000| Untracked 
|  35|0x0000000725800000, 0x0000000725800000, 0x0000000725a00000|  0%| F|  |TAMS 0x0000000725800000, 0x0000000725800000| Untracked 
|  36|0x0000000725a00000, 0x0000000725a00000, 0x0000000725c00000|  0%| F|  |TAMS 0x0000000725a00000, 0x0000000725a00000| Untracked 
|  37|0x0000000725c00000, 0x0000000725c00000, 0x0000000725e00000|  0%| F|  |TAMS 0x0000000725c00000, 0x0000000725c00000| Untracked 
|  38|0x0000000725e00000, 0x0000000725e00000, 0x0000000726000000|  0%| F|  |TAMS 0x0000000725e00000, 0x0000000725e00000| Untracked 
|  39|0x0000000726000000, 0x0000000726000000, 0x0000000726200000|  0%| F|  |TAMS 0x0000000726000000, 0x0000000726000000| Untracked 
|  40|0x0000000726200000, 0x0000000726200000, 0x0000000726400000|  0%| F|  |TAMS 0x0000000726200000, 0x0000000726200000| Untracked 
|  41|0x0000000726400000, 0x0000000726400000, 0x0000000726600000|  0%| F|  |TAMS 0x0000000726400000, 0x0000000726400000| Untracked 
|  42|0x0000000726600000, 0x0000000726600000, 0x0000000726800000|  0%| F|  |TAMS 0x0000000726600000, 0x0000000726600000| Untracked 
|  43|0x0000000726800000, 0x0000000726800000, 0x0000000726a00000|  0%| F|  |TAMS 0x0000000726800000, 0x0000000726800000| Untracked 
|  44|0x0000000726a00000, 0x0000000726a00000, 0x0000000726c00000|  0%| F|  |TAMS 0x0000000726a00000, 0x0000000726a00000| Untracked 
|  45|0x0000000726c00000, 0x0000000726c00000, 0x0000000726e00000|  0%| F|  |TAMS 0x0000000726c00000, 0x0000000726c00000| Untracked 
|  46|0x0000000726e00000, 0x0000000726e00000, 0x0000000727000000|  0%| F|  |TAMS 0x0000000726e00000, 0x0000000726e00000| Untracked 
|  47|0x0000000727000000, 0x0000000727000000, 0x0000000727200000|  0%| F|  |TAMS 0x0000000727000000, 0x0000000727000000| Untracked 
|  48|0x0000000727200000, 0x0000000727200000, 0x0000000727400000|  0%| F|  |TAMS 0x0000000727200000, 0x0000000727200000| Untracked 
|  49|0x0000000727400000, 0x0000000727400000, 0x0000000727600000|  0%| F|  |TAMS 0x0000000727400000, 0x0000000727400000| Untracked 
|  50|0x0000000727600000, 0x0000000727600000, 0x0000000727800000|  0%| F|  |TAMS 0x0000000727600000, 0x0000000727600000| Untracked 
|  51|0x0000000727800000, 0x0000000727800000, 0x0000000727a00000|  0%| F|  |TAMS 0x0000000727800000, 0x0000000727800000| Untracked 
|  52|0x0000000727a00000, 0x0000000727a00000, 0x0000000727c00000|  0%| F|  |TAMS 0x0000000727a00000, 0x0000000727a00000| Untracked 
|  53|0x0000000727c00000, 0x0000000727c00000, 0x0000000727e00000|  0%| F|  |TAMS 0x0000000727c00000, 0x0000000727c00000| Untracked 
|  54|0x0000000727e00000, 0x0000000727e00000, 0x0000000728000000|  0%| F|  |TAMS 0x0000000727e00000, 0x0000000727e00000| Untracked 
|  55|0x0000000728000000, 0x0000000728000000, 0x0000000728200000|  0%| F|  |TAMS 0x0000000728000000, 0x0000000728000000| Untracked 
|  56|0x0000000728200000, 0x0000000728200000, 0x0000000728400000|  0%| F|  |TAMS 0x0000000728200000, 0x0000000728200000| Untracked 
|  57|0x0000000728400000, 0x0000000728400000, 0x0000000728600000|  0%| F|  |TAMS 0x0000000728400000, 0x0000000728400000| Untracked 
|  58|0x0000000728600000, 0x0000000728600000, 0x0000000728800000|  0%| F|  |TAMS 0x0000000728600000, 0x0000000728600000| Untracked 
|  59|0x0000000728800000, 0x0000000728800000, 0x0000000728a00000|  0%| F|  |TAMS 0x0000000728800000, 0x0000000728800000| Untracked 
|  60|0x0000000728a00000, 0x0000000728a00000, 0x0000000728c00000|  0%| F|  |TAMS 0x0000000728a00000, 0x0000000728a00000| Untracked 
|  61|0x0000000728c00000, 0x0000000728c00000, 0x0000000728e00000|  0%| F|  |TAMS 0x0000000728c00000, 0x0000000728c00000| Untracked 
|  62|0x0000000728e00000, 0x0000000728e00000, 0x0000000729000000|  0%| F|  |TAMS 0x0000000728e00000, 0x0000000728e00000| Untracked 
|  63|0x0000000729000000, 0x0000000729000000, 0x0000000729200000|  0%| F|  |TAMS 0x0000000729000000, 0x0000000729000000| Untracked 
|  64|0x0000000729200000, 0x0000000729200000, 0x0000000729400000|  0%| F|  |TAMS 0x0000000729200000, 0x0000000729200000| Untracked 
|  65|0x0000000729400000, 0x0000000729400000, 0x0000000729600000|  0%| F|  |TAMS 0x0000000729400000, 0x0000000729400000| Untracked 
|  66|0x0000000729600000, 0x0000000729600000, 0x0000000729800000|  0%| F|  |TAMS 0x0000000729600000, 0x0000000729600000| Untracked 
|  67|0x0000000729800000, 0x0000000729800000, 0x0000000729a00000|  0%| F|  |TAMS 0x0000000729800000, 0x0000000729800000| Untracked 
|  68|0x0000000729a00000, 0x0000000729a00000, 0x0000000729c00000|  0%| F|  |TAMS 0x0000000729a00000, 0x0000000729a00000| Untracked 
|  69|0x0000000729c00000, 0x0000000729c00000, 0x0000000729e00000|  0%| F|  |TAMS 0x0000000729c00000, 0x0000000729c00000| Untracked 
|  70|0x0000000729e00000, 0x0000000729e00000, 0x000000072a000000|  0%| F|  |TAMS 0x0000000729e00000, 0x0000000729e00000| Untracked 
|  71|0x000000072a000000, 0x000000072a000000, 0x000000072a200000|  0%| F|  |TAMS 0x000000072a000000, 0x000000072a000000| Untracked 
|  72|0x000000072a200000, 0x000000072a200000, 0x000000072a400000|  0%| F|  |TAMS 0x000000072a200000, 0x000000072a200000| Untracked 
|  73|0x000000072a400000, 0x000000072a400000, 0x000000072a600000|  0%| F|  |TAMS 0x000000072a400000, 0x000000072a400000| Untracked 
|  74|0x000000072a600000, 0x000000072a600000, 0x000000072a800000|  0%| F|  |TAMS 0x000000072a600000, 0x000000072a600000| Untracked 
|  75|0x000000072a800000, 0x000000072a800000, 0x000000072aa00000|  0%| F|  |TAMS 0x000000072a800000, 0x000000072a800000| Untracked 
|  76|0x000000072aa00000, 0x000000072aa00000, 0x000000072ac00000|  0%| F|  |TAMS 0x000000072aa00000, 0x000000072aa00000| Untracked 
|  77|0x000000072ac00000, 0x000000072ac00000, 0x000000072ae00000|  0%| F|  |TAMS 0x000000072ac00000, 0x000000072ac00000| Untracked 
|  78|0x000000072ae00000, 0x000000072ae00000, 0x000000072b000000|  0%| F|  |TAMS 0x000000072ae00000, 0x000000072ae00000| Untracked 
|  79|0x000000072b000000, 0x000000072b000000, 0x000000072b200000|  0%| F|  |TAMS 0x000000072b000000, 0x000000072b000000| Untracked 
|  80|0x000000072b200000, 0x000000072b200000, 0x000000072b400000|  0%| F|  |TAMS 0x000000072b200000, 0x000000072b200000| Untracked 
|  81|0x000000072b400000, 0x000000072b400000, 0x000000072b600000|  0%| F|  |TAMS 0x000000072b400000, 0x000000072b400000| Untracked 
|  82|0x000000072b600000, 0x000000072b600000, 0x000000072b800000|  0%| F|  |TAMS 0x000000072b600000, 0x000000072b600000| Untracked 
|  83|0x000000072b800000, 0x000000072b800000, 0x000000072ba00000|  0%| F|  |TAMS 0x000000072b800000, 0x000000072b800000| Untracked 
|  84|0x000000072ba00000, 0x000000072ba00000, 0x000000072bc00000|  0%| F|  |TAMS 0x000000072ba00000, 0x000000072ba00000| Untracked 
|  85|0x000000072bc00000, 0x000000072bc00000, 0x000000072be00000|  0%| F|  |TAMS 0x000000072bc00000, 0x000000072bc00000| Untracked 
|  86|0x000000072be00000, 0x000000072be00000, 0x000000072c000000|  0%| F|  |TAMS 0x000000072be00000, 0x000000072be00000| Untracked 
|  87|0x000000072c000000, 0x000000072c000000, 0x000000072c200000|  0%| F|  |TAMS 0x000000072c000000, 0x000000072c000000| Untracked 
|  88|0x000000072c200000, 0x000000072c200000, 0x000000072c400000|  0%| F|  |TAMS 0x000000072c200000, 0x000000072c200000| Untracked 
|  89|0x000000072c400000, 0x000000072c400000, 0x000000072c600000|  0%| F|  |TAMS 0x000000072c400000, 0x000000072c400000| Untracked 
|  90|0x000000072c600000, 0x000000072c600000, 0x000000072c800000|  0%| F|  |TAMS 0x000000072c600000, 0x000000072c600000| Untracked 
|  91|0x000000072c800000, 0x000000072c800000, 0x000000072ca00000|  0%| F|  |TAMS 0x000000072c800000, 0x000000072c800000| Untracked 
|  92|0x000000072ca00000, 0x000000072ca00000, 0x000000072cc00000|  0%| F|  |TAMS 0x000000072ca00000, 0x000000072ca00000| Untracked 
|  93|0x000000072cc00000, 0x000000072cc00000, 0x000000072ce00000|  0%| F|  |TAMS 0x000000072cc00000, 0x000000072cc00000| Untracked 
|  94|0x000000072ce00000, 0x000000072ce00000, 0x000000072d000000|  0%| F|  |TAMS 0x000000072ce00000, 0x000000072ce00000| Untracked 
|  95|0x000000072d000000, 0x000000072d000000, 0x000000072d200000|  0%| F|  |TAMS 0x000000072d000000, 0x000000072d000000| Untracked 
|  96|0x000000072d200000, 0x000000072d200000, 0x000000072d400000|  0%| F|  |TAMS 0x000000072d200000, 0x000000072d200000| Untracked 
|  97|0x000000072d400000, 0x000000072d400000, 0x000000072d600000|  0%| F|  |TAMS 0x000000072d400000, 0x000000072d400000| Untracked 
|  98|0x000000072d600000, 0x000000072d600000, 0x000000072d800000|  0%| F|  |TAMS 0x000000072d600000, 0x000000072d600000| Untracked 
|  99|0x000000072d800000, 0x000000072d800000, 0x000000072da00000|  0%| F|  |TAMS 0x000000072d800000, 0x000000072d800000| Untracked 
| 100|0x000000072da00000, 0x000000072da00000, 0x000000072dc00000|  0%| F|  |TAMS 0x000000072da00000, 0x000000072da00000| Untracked 
| 101|0x000000072dc00000, 0x000000072dc00000, 0x000000072de00000|  0%| F|  |TAMS 0x000000072dc00000, 0x000000072dc00000| Untracked 
| 102|0x000000072de00000, 0x000000072dfc4118, 0x000000072e000000| 88%| E|  |TAMS 0x000000072de00000, 0x000000072de00000| Complete 
| 103|0x000000072e000000, 0x000000072e200000, 0x000000072e200000|100%| E|CS|TAMS 0x000000072e000000, 0x000000072e000000| Complete 
| 104|0x000000072e200000, 0x000000072e400000, 0x000000072e400000|100%| E|CS|TAMS 0x000000072e200000, 0x000000072e200000| Complete 
| 105|0x000000072e400000, 0x000000072e600000, 0x000000072e600000|100%| E|CS|TAMS 0x000000072e400000, 0x000000072e400000| Complete 
| 106|0x000000072e600000, 0x000000072e800000, 0x000000072e800000|100%| E|  |TAMS 0x000000072e600000, 0x000000072e600000| Complete 
| 107|0x000000072e800000, 0x000000072ea00000, 0x000000072ea00000|100%| E|CS|TAMS 0x000000072e800000, 0x000000072e800000| Complete 
| 108|0x000000072ea00000, 0x000000072ec00000, 0x000000072ec00000|100%| E|CS|TAMS 0x000000072ea00000, 0x000000072ea00000| Complete 
| 109|0x000000072ec00000, 0x000000072ee00000, 0x000000072ee00000|100%| E|CS|TAMS 0x000000072ec00000, 0x000000072ec00000| Complete 
| 110|0x000000072ee00000, 0x000000072f000000, 0x000000072f000000|100%| E|CS|TAMS 0x000000072ee00000, 0x000000072ee00000| Complete 
| 111|0x000000072f000000, 0x000000072f200000, 0x000000072f200000|100%| E|CS|TAMS 0x000000072f000000, 0x000000072f000000| Complete 

Card table byte_map: [0x000001af7ea80000,0x000001af7f180000] _byte_map_base: 0x000001af7b177000

Marking Bits (Prev, Next): (CMBitMap*) 0x000001af7c0ffad0, (CMBitMap*) 0x000001af7c0ffb10
 Prev Bits: [0x000001af16a80000, 0x000001af1a238000)
 Next Bits: [0x000001af1a240000, 0x000001af1d9f8000)

Polling page: 0x000001af7c140000

Metaspace:

Usage:
  Non-class:      4.28 MB used.
      Class:    236.31 KB used.
       Both:      4.52 MB used.

Virtual space:
  Non-class space:       64.00 MB reserved,       4.38 MB (  7%) committed,  1 nodes.
      Class space:        1.00 GB reserved,     320.00 KB ( <1%) committed,  1 nodes.
             Both:        1.06 GB reserved,       4.69 MB ( <1%) committed. 

Chunk freelists:
   Non-Class:  8.98 MB
       Class:  15.59 MB
        Both:  24.58 MB

MaxMetaspaceSize: unlimited
CompressedClassSpaceSize: 1.00 GB
Initial GC threshold: 21.00 MB
Current GC threshold: 21.00 MB
CDS: on
MetaspaceReclaimPolicy: balanced
 - commit_granule_bytes: 65536.
 - commit_granule_words: 8192.
 - virtual_space_node_default_size: 8388608.
 - enlarge_chunks_in_place: 1.
 - new_chunks_are_fully_committed: 0.
 - uncommit_free_chunks: 1.
 - use_allocation_guard: 0.
 - handle_deallocations: 1.


Internal statistics:

num_allocs_failed_limit: 0.
num_arena_births: 48.
num_arena_deaths: 0.
num_vsnodes_births: 2.
num_vsnodes_deaths: 0.
num_space_committed: 73.
num_space_uncommitted: 0.
num_chunks_returned_to_freelist: 0.
num_chunks_taken_from_freelist: 171.
num_chunk_merges: 0.
num_chunk_splits: 122.
num_chunks_enlarged: 94.
num_inconsistent_stats: 0.

CodeHeap 'non-profiled nmethods': size=120000Kb used=340Kb max_used=340Kb free=119659Kb
 bounds [0x000001af0f550000, 0x000001af0f7c0000, 0x000001af16a80000]
CodeHeap 'profiled nmethods': size=120000Kb used=1398Kb max_used=1398Kb free=118601Kb
 bounds [0x000001af07a80000, 0x000001af07cf0000, 0x000001af0efb0000]
CodeHeap 'non-nmethods': size=5760Kb used=1537Kb max_used=1570Kb free=4222Kb
 bounds [0x000001af0efb0000, 0x000001af0f220000, 0x000001af0f550000]
 total_blobs=1763 nmethods=816 adapters=860
 compilation: enabled
              stopped_count=0, restarted_count=0
 full_count=0

Compilation events (20 events):
Event: 0.879 Thread 0x000001af71501ad0  803       4       jdk.internal.util.Preconditions::checkIndex (18 bytes)
Event: 0.879 Thread 0x000001af71501ad0 nmethod 803 0x000001af0f5a2890 code [0x000001af0f5a2a00, 0x000001af0f5a2a98]
Event: 0.893 Thread 0x000001af712ee760 nmethod 771 0x000001af0f5a2b90 code [0x000001af0f5a2e40, 0x000001af0f5a4640]
Event: 0.925 Thread 0x000001af1fe10be0  809       3       java.nio.ByteBuffer::array (35 bytes)
Event: 0.925 Thread 0x000001af1fe10be0 nmethod 809 0x000001af07bdae10 code [0x000001af07bdafe0, 0x000001af07bdb2b8]
Event: 0.927 Thread 0x000001af1fe10be0  810       3       java.nio.CharBuffer::hasArray (20 bytes)
Event: 0.927 Thread 0x000001af1fe10be0 nmethod 810 0x000001af07bdb410 code [0x000001af07bdb5a0, 0x000001af07bdb738]
Event: 0.927 Thread 0x000001af1fe10be0  811       3       java.nio.ByteBuffer::hasArray (20 bytes)
Event: 0.927 Thread 0x000001af1fe10be0 nmethod 811 0x000001af07bdb810 code [0x000001af07bdb9a0, 0x000001af07bdbb38]
Event: 0.927 Thread 0x000001af1fe10be0  812       3       java.nio.CharBuffer::array (35 bytes)
Event: 0.927 Thread 0x000001af1fe10be0 nmethod 812 0x000001af07bdbc10 code [0x000001af07bdbde0, 0x000001af07bdc0b8]
Event: 0.929 Thread 0x000001af1fe10be0  813       3       java.lang.AbstractStringBuilder::append (55 bytes)
Event: 0.929 Thread 0x000001af1fe10be0 nmethod 813 0x000001af07bdc210 code [0x000001af07bdc3e0, 0x000001af07bdc718]
Event: 0.929 Thread 0x000001af1fe10be0  814       3       java.io.BufferedWriter::ensureOpen (18 bytes)
Event: 0.930 Thread 0x000001af1fe10be0 nmethod 814 0x000001af07bdc890 code [0x000001af07bdca40, 0x000001af07bdcc48]
Event: 0.930 Thread 0x000001af1fe10be0  815       3       java.lang.StringCoding::implEncodeAsciiArray (47 bytes)
Event: 0.930 Thread 0x000001af1fe10be0 nmethod 815 0x000001af07bdcd10 code [0x000001af07bdcec0, 0x000001af07bdd0f8]
Event: 0.930 Thread 0x000001af1fe10be0  816       3       java.nio.CharBuffer::<init> (24 bytes)
Event: 0.930 Thread 0x000001af1fe10be0 nmethod 816 0x000001af07bdd290 code [0x000001af07bdd440, 0x000001af07bdd5e8]
Event: 0.930 Thread 0x000001af1fe10be0  817       3       java.nio.CharBuffer::limit (6 bytes)

GC Heap History (0 events):
No events

Dll operation events (8 events):
Event: 0.011 Loaded shared library C:\Program Files\Eclipse Adoptium\jdk-17.0.14.7-hotspot\bin\java.dll
Event: 0.028 Loaded shared library C:\Program Files\Eclipse Adoptium\jdk-17.0.14.7-hotspot\bin\jsvml.dll
Event: 0.128 Loaded shared library C:\Program Files\Eclipse Adoptium\jdk-17.0.14.7-hotspot\bin\net.dll
Event: 0.130 Loaded shared library C:\Program Files\Eclipse Adoptium\jdk-17.0.14.7-hotspot\bin\nio.dll
Event: 0.133 Loaded shared library C:\Program Files\Eclipse Adoptium\jdk-17.0.14.7-hotspot\bin\zip.dll
Event: 0.255 Loaded shared library C:\Program Files\Eclipse Adoptium\jdk-17.0.14.7-hotspot\bin\jimage.dll
Event: 0.287 Loaded shared library C:\Users\personal\AppData\Local\Temp\lwjglpersonal\3.2.3-build-13\lwjgl.dll
Event: 0.660 Loaded shared library C:\Users\personal\AppData\Local\Temp\lwjglpersonal\3.2.3-build-13\lwjgl_opengl.dll

Deoptimization events (20 events):
Event: 0.290 Thread 0x000001af7c09ce20 Uncommon trap: trap_request=0xffffff45 fr.pc=0x000001af0f55d940 relative=0x0000000000000040
Event: 0.290 Thread 0x000001af7c09ce20 Uncommon trap: reason=unstable_if action=reinterpret pc=0x000001af0f55d940 method=sun.nio.fs.WindowsPathParser.isSlash(C)Z @ 9 c2
Event: 0.290 Thread 0x000001af7c09ce20 DEOPT PACKING pc=0x000001af0f55d940 sp=0x000000589cefd990
Event: 0.290 Thread 0x000001af7c09ce20 DEOPT UNPACKING pc=0x000001af0f0069a3 sp=0x000000589cefd918 mode 2
Event: 0.295 Thread 0x000001af7c09ce20 Uncommon trap: trap_request=0xffffff6e fr.pc=0x000001af0f573644 relative=0x0000000000000424
Event: 0.295 Thread 0x000001af7c09ce20 Uncommon trap: reason=loop_limit_check action=maybe_recompile pc=0x000001af0f573644 method=java.lang.StringLatin1.indexOf([BI[BII)I @ 37 c2
Event: 0.295 Thread 0x000001af7c09ce20 DEOPT PACKING pc=0x000001af0f573644 sp=0x000000589cefe5e0
Event: 0.295 Thread 0x000001af7c09ce20 DEOPT UNPACKING pc=0x000001af0f0069a3 sp=0x000000589cefe568 mode 2
Event: 0.323 Thread 0x000001af7c09ce20 DEOPT PACKING pc=0x000001af07ad1a80 sp=0x000000589cefe610
Event: 0.323 Thread 0x000001af7c09ce20 DEOPT UNPACKING pc=0x000001af0f007143 sp=0x000000589cefdad0 mode 0
Event: 0.454 Thread 0x000001af7c09ce20 DEOPT PACKING pc=0x000001af07ad5633 sp=0x000000589cefd460
Event: 0.454 Thread 0x000001af7c09ce20 DEOPT UNPACKING pc=0x000001af0f007143 sp=0x000000589cefc980 mode 0
Event: 0.656 Thread 0x000001af7c09ce20 Uncommon trap: trap_request=0xffffffde fr.pc=0x000001af0f577a68 relative=0x0000000000000428
Event: 0.656 Thread 0x000001af7c09ce20 Uncommon trap: reason=class_check action=maybe_recompile pc=0x000001af0f577a68 method=java.util.HashMap.getNode(Ljava/lang/Object;)Ljava/util/HashMap$Node; @ 128 c2
Event: 0.656 Thread 0x000001af7c09ce20 DEOPT PACKING pc=0x000001af0f577a68 sp=0x000000589cefe2b0
Event: 0.656 Thread 0x000001af7c09ce20 DEOPT UNPACKING pc=0x000001af0f0069a3 sp=0x000000589cefe1b8 mode 2
Event: 0.924 Thread 0x000001af7c09ce20 Uncommon trap: trap_request=0xffffff45 fr.pc=0x000001af0f592b78 relative=0x00000000000005b8
Event: 0.924 Thread 0x000001af7c09ce20 Uncommon trap: reason=unstable_if action=reinterpret pc=0x000001af0f592b78 method=java.lang.Integer.getChars(II[B)I @ 25 c2
Event: 0.924 Thread 0x000001af7c09ce20 DEOPT PACKING pc=0x000001af0f592b78 sp=0x000000589cefe6e0
Event: 0.924 Thread 0x000001af7c09ce20 DEOPT UNPACKING pc=0x000001af0f0069a3 sp=0x000000589cefe618 mode 2

Classes loaded (20 events):
Event: 0.686 Loading class sun/net/www/protocol/jrt/Handler
Event: 0.686 Loading class sun/net/www/protocol/jrt/Handler done
Event: 0.689 Loading class sun/util/resources/LocaleData$CommonResourceBundleProvider
Event: 0.689 Loading class sun/util/resources/LocaleData$LocaleDataResourceBundleProvider
Event: 0.689 Loading class java/util/spi/ResourceBundleProvider
Event: 0.689 Loading class java/util/spi/ResourceBundleProvider done
Event: 0.689 Loading class sun/util/resources/LocaleData$LocaleDataResourceBundleProvider done
Event: 0.689 Loading class sun/util/resources/LocaleData$CommonResourceBundleProvider done
Event: 0.689 Loading class java/util/ArrayList$SubList$1
Event: 0.690 Loading class java/util/ArrayList$SubList$1 done
Event: 0.690 Loading class sun/text/resources/cldr/FormatData_en
Event: 0.690 Loading class sun/text/resources/cldr/FormatData_en done
Event: 0.690 Loading class sun/util/resources/Bundles$2
Event: 0.690 Loading class sun/util/resources/Bundles$2 done
Event: 0.833 Loading class jdk/internal/reflect/UnsafeQualifiedLongFieldAccessorImpl
Event: 0.834 Loading class jdk/internal/reflect/UnsafeQualifiedFieldAccessorImpl
Event: 0.835 Loading class jdk/internal/reflect/UnsafeQualifiedFieldAccessorImpl done
Event: 0.835 Loading class jdk/internal/reflect/UnsafeQualifiedLongFieldAccessorImpl done
Event: 0.923 Loading class java/lang/StackTraceElement$HashedModules
Event: 0.923 Loading class java/lang/StackTraceElement$HashedModules done

Classes unloaded (0 events):
No events

Classes redefined (0 events):
No events

Internal exceptions (16 events):
Event: 0.238 Thread 0x000001af7c09ce20 Exception <a 'java/lang/NoSuchMethodError'{0x000000072eade898}: 'void java.lang.invoke.DirectMethodHandle$Holder.invokeStatic(java.lang.Object, java.lang.Object)'> (0x000000072eade898) 
thrown [s\src\hotspot\share\interpreter\linkResolver.cpp, line 759]
Event: 0.239 Thread 0x000001af7c09ce20 Exception <a 'java/lang/NoSuchMethodError'{0x000000072eae43f0}: 'void java.lang.invoke.DirectMethodHandle$Holder.invokeSpecial(java.lang.Object, java.lang.Object, java.lang.Object)'> (0x000000072eae43f0) 
thrown [s\src\hotspot\share\interpreter\linkResolver.cpp, line 759]
Event: 0.241 Thread 0x000001af7c09ce20 Exception <a 'java/lang/NoSuchMethodError'{0x000000072eaf7778}: 'java.lang.Object java.lang.invoke.DirectMethodHandle$Holder.invokeStatic(java.lang.Object, java.lang.Object, int)'> (0x000000072eaf7778) 
thrown [s\src\hotspot\share\interpreter\linkResolver.cpp, line 759]
Event: 0.243 Thread 0x000001af7c09ce20 Exception <a 'java/lang/NoSuchMethodError'{0x000000072eb034e8}: 'void java.lang.invoke.DelegatingMethodHandle$Holder.delegate(java.lang.Object, java.lang.Object, int, java.lang.Object)'> (0x000000072eb034e8) 
thrown [s\src\hotspot\share\interpreter\linkResolver.cpp, line 759]
Event: 0.244 Thread 0x000001af7c09ce20 Exception <a 'java/lang/NoSuchMethodError'{0x000000072eb07818}: 'int java.lang.invoke.DirectMethodHandle$Holder.invokeSpecial(java.lang.Object, java.lang.Object, java.lang.Object)'> (0x000000072eb07818) 
thrown [s\src\hotspot\share\interpreter\linkResolver.cpp, line 759]
Event: 0.290 Thread 0x000001af7c09ce20 Exception <a 'sun/nio/fs/WindowsException'{0x000000072e8611b8}> (0x000000072e8611b8) 
thrown [s\src\hotspot\share\prims\jni.cpp, line 516]
Event: 0.291 Thread 0x000001af7c09ce20 Exception <a 'sun/nio/fs/WindowsException'{0x000000072e861738}> (0x000000072e861738) 
thrown [s\src\hotspot\share\prims\jni.cpp, line 516]
Event: 0.298 Thread 0x000001af7c09ce20 Exception <a 'sun/nio/fs/WindowsException'{0x000000072e87a8a8}> (0x000000072e87a8a8) 
thrown [s\src\hotspot\share\prims\jni.cpp, line 516]
Event: 0.298 Thread 0x000001af7c09ce20 Exception <a 'sun/nio/fs/WindowsException'{0x000000072e87ac38}> (0x000000072e87ac38) 
thrown [s\src\hotspot\share\prims\jni.cpp, line 516]
Event: 0.305 Thread 0x000001af7c09ce20 Exception <a 'java/lang/NoSuchMethodError'{0x000000072e8dff50}: 'java.lang.Object java.lang.invoke.DirectMethodHandle$Holder.invokeStaticInit(java.lang.Object)'> (0x000000072e8dff50) 
thrown [s\src\hotspot\share\interpreter\linkResolver.cpp, line 759]
Event: 0.467 Thread 0x000001af7c09ce20 Exception <a 'sun/nio/fs/WindowsException'{0x000000072e6da608}> (0x000000072e6da608) 
thrown [s\src\hotspot\share\prims\jni.cpp, line 516]
Event: 0.467 Thread 0x000001af7c09ce20 Exception <a 'sun/nio/fs/WindowsException'{0x000000072e6da9c8}> (0x000000072e6da9c8) 
thrown [s\src\hotspot\share\prims\jni.cpp, line 516]
Event: 0.658 Thread 0x000001af7c09ce20 Exception <a 'sun/nio/fs/WindowsException'{0x000000072e74e810}> (0x000000072e74e810) 
thrown [s\src\hotspot\share\prims\jni.cpp, line 516]
Event: 0.658 Thread 0x000001af7c09ce20 Exception <a 'sun/nio/fs/WindowsException'{0x000000072e74ebe0}> (0x000000072e74ebe0) 
thrown [s\src\hotspot\share\prims\jni.cpp, line 516]
Event: 0.662 Thread 0x000001af7c09ce20 Exception <a 'sun/nio/fs/WindowsException'{0x000000072e760878}> (0x000000072e760878) 
thrown [s\src\hotspot\share\prims\jni.cpp, line 516]
Event: 0.662 Thread 0x000001af7c09ce20 Exception <a 'sun/nio/fs/WindowsException'{0x000000072e760b78}> (0x000000072e760b78) 
thrown [s\src\hotspot\share\prims\jni.cpp, line 516]

VM Operations (8 events):
Event: 0.136 Executing VM operation: HandshakeAllThreads
Event: 0.136 Executing VM operation: HandshakeAllThreads done
Event: 0.241 Executing VM operation: HandshakeAllThreads
Event: 0.241 Executing VM operation: HandshakeAllThreads done
Event: 0.272 Executing VM operation: HandshakeAllThreads
Event: 0.272 Executing VM operation: HandshakeAllThreads done
Event: 0.668 Executing VM operation: HandshakeAllThreads
Event: 0.668 Executing VM operation: HandshakeAllThreads done

Memory protections (0 events):
No events

Nmethod flushes (0 events):
No events

Events (14 events):
Event: 0.028 Thread 0x000001af7c09ce20 Thread added: 0x000001af7c09ce20
Event: 0.030 Thread 0x000001af7c09ce20 Thread added: 0x000001af1fdf3f90
Event: 0.030 Thread 0x000001af7c09ce20 Thread added: 0x000001af1fdf4d20
Event: 0.040 Thread 0x000001af7c09ce20 Thread added: 0x000001af1fe0ab60
Event: 0.040 Thread 0x000001af7c09ce20 Thread added: 0x000001af1fe0b630
Event: 0.040 Thread 0x000001af7c09ce20 Thread added: 0x000001af1fe0e010
Event: 0.040 Thread 0x000001af7c09ce20 Thread added: 0x000001af1fe0e8e0
Event: 0.040 Thread 0x000001af7c09ce20 Thread added: 0x000001af1fe102d0
Event: 0.040 Thread 0x000001af7c09ce20 Thread added: 0x000001af1fe10be0
Event: 0.040 Thread 0x000001af7c09ce20 Thread added: 0x000001af650120c0
Event: 0.120 Thread 0x000001af7c09ce20 Thread added: 0x000001af6512a0b0
Event: 0.123 Thread 0x000001af7c09ce20 Thread added: 0x000001af65136240
Event: 0.697 Thread 0x000001af1fe10be0 Thread added: 0x000001af712ee760
Event: 0.819 Thread 0x000001af1fe10be0 Thread added: 0x000001af71501ad0


Dynamic libraries:
0x00007ff723660000 - 0x00007ff72366e000 	C:\Program Files\Eclipse Adoptium\jdk-17.0.14.7-hotspot\bin\java.exe
0x00007ffe2d650000 - 0x00007ffe2d866000 	C:\WINDOWS\SYSTEM32\ntdll.dll
0x00007ffe2c370000 - 0x00007ffe2c434000 	C:\WINDOWS\System32\KERNEL32.DLL
0x00007ffe2ad40000 - 0x00007ffe2b0e6000 	C:\WINDOWS\System32\KERNELBASE.dll
0x00007ffe2b1c0000 - 0x00007ffe2b2d1000 	C:\WINDOWS\System32\ucrtbase.dll
0x00007ffdf3700000 - 0x00007ffdf3717000 	C:\Program Files\Eclipse Adoptium\jdk-17.0.14.7-hotspot\bin\jli.dll
0x00007ffdf32a0000 - 0x00007ffdf32be000 	C:\Program Files\Eclipse Adoptium\jdk-17.0.14.7-hotspot\bin\VCRUNTIME140.dll
0x00007ffe2b8a0000 - 0x00007ffe2ba4d000 	C:\WINDOWS\System32\USER32.dll
0x00007ffe2ab00000 - 0x00007ffe2ab26000 	C:\WINDOWS\System32\win32u.dll
0x00007ffe127f0000 - 0x00007ffe12a83000 	C:\WINDOWS\WinSxS\amd64_microsoft.windows.common-controls_6595b64144ccf1df_6.0.22621.3235_none_270f74e173860f98\COMCTL32.dll
0x00007ffe2d4e0000 - 0x00007ffe2d509000 	C:\WINDOWS\System32\GDI32.dll
0x00007ffe2c620000 - 0x00007ffe2c6c7000 	C:\WINDOWS\System32\msvcrt.dll
0x00007ffe2ac20000 - 0x00007ffe2ad38000 	C:\WINDOWS\System32\gdi32full.dll
0x00007ffe2b120000 - 0x00007ffe2b1ba000 	C:\WINDOWS\System32\msvcp_win.dll
0x00007ffe2c850000 - 0x00007ffe2c881000 	C:\WINDOWS\System32\IMM32.DLL
0x00007ffdf2190000 - 0x00007ffdf219c000 	C:\Program Files\Eclipse Adoptium\jdk-17.0.14.7-hotspot\bin\vcruntime140_1.dll
0x00007ffdb4470000 - 0x00007ffdb44fd000 	C:\Program Files\Eclipse Adoptium\jdk-17.0.14.7-hotspot\bin\msvcp140.dll
0x00007ffd98190000 - 0x00007ffd98dfb000 	C:\Program Files\Eclipse Adoptium\jdk-17.0.14.7-hotspot\bin\server\jvm.dll
0x00007ffe2b570000 - 0x00007ffe2b622000 	C:\WINDOWS\System32\ADVAPI32.dll
0x00007ffe2c7a0000 - 0x00007ffe2c848000 	C:\WINDOWS\System32\sechost.dll
0x00007ffe2b0f0000 - 0x00007ffe2b118000 	C:\WINDOWS\System32\bcrypt.dll
0x00007ffe2b780000 - 0x00007ffe2b895000 	C:\WINDOWS\System32\RPCRT4.dll
0x00007ffe2be50000 - 0x00007ffe2bec1000 	C:\WINDOWS\System32\WS2_32.dll
0x00007ffe29820000 - 0x00007ffe2986d000 	C:\WINDOWS\SYSTEM32\POWRPROF.dll
0x00007ffe24180000 - 0x00007ffe241b4000 	C:\WINDOWS\SYSTEM32\WINMM.dll
0x00007ffe245e0000 - 0x00007ffe245ea000 	C:\WINDOWS\SYSTEM32\VERSION.dll
0x00007ffe29800000 - 0x00007ffe29813000 	C:\WINDOWS\SYSTEM32\UMPDC.dll
0x00007ffe29ac0000 - 0x00007ffe29ad8000 	C:\WINDOWS\SYSTEM32\kernel.appcore.dll
0x00007ffdf1cb0000 - 0x00007ffdf1cba000 	C:\Program Files\Eclipse Adoptium\jdk-17.0.14.7-hotspot\bin\jimage.dll
0x00007ffe23450000 - 0x00007ffe23683000 	C:\WINDOWS\SYSTEM32\DBGHELP.DLL
0x00007ffe2d150000 - 0x00007ffe2d4d8000 	C:\WINDOWS\System32\combase.dll
0x00007ffe2b6a0000 - 0x00007ffe2b777000 	C:\WINDOWS\System32\OLEAUT32.dll
0x00007ffdf58b0000 - 0x00007ffdf58e2000 	C:\WINDOWS\SYSTEM32\dbgcore.DLL
0x00007ffe2ab30000 - 0x00007ffe2abaa000 	C:\WINDOWS\System32\bcryptPrimitives.dll
0x00007ffdf1860000 - 0x00007ffdf1885000 	C:\Program Files\Eclipse Adoptium\jdk-17.0.14.7-hotspot\bin\java.dll
0x00007ffdaa110000 - 0x00007ffdaa1e7000 	C:\Program Files\Eclipse Adoptium\jdk-17.0.14.7-hotspot\bin\jsvml.dll
0x00007ffe2c890000 - 0x00007ffe2d0ec000 	C:\WINDOWS\System32\SHELL32.dll
0x00007ffe288f0000 - 0x00007ffe291e8000 	C:\WINDOWS\SYSTEM32\windows.storage.dll
0x00007ffe287b0000 - 0x00007ffe288ee000 	C:\WINDOWS\SYSTEM32\wintypes.dll
0x00007ffe2d510000 - 0x00007ffe2d603000 	C:\WINDOWS\System32\SHCORE.dll
0x00007ffe2d0f0000 - 0x00007ffe2d14e000 	C:\WINDOWS\System32\shlwapi.dll
0x00007ffe2a8c0000 - 0x00007ffe2a8e6000 	C:\WINDOWS\SYSTEM32\profapi.dll
0x00007ffdf15c0000 - 0x00007ffdf15d9000 	C:\Program Files\Eclipse Adoptium\jdk-17.0.14.7-hotspot\bin\net.dll
0x00007ffe24040000 - 0x00007ffe24177000 	C:\WINDOWS\SYSTEM32\WINHTTP.dll
0x00007ffe29f40000 - 0x00007ffe29fa9000 	C:\WINDOWS\system32\mswsock.dll
0x00007ffdcde80000 - 0x00007ffdcde96000 	C:\Program Files\Eclipse Adoptium\jdk-17.0.14.7-hotspot\bin\nio.dll
0x00007ffdcdce0000 - 0x00007ffdcdcf8000 	C:\Program Files\Eclipse Adoptium\jdk-17.0.14.7-hotspot\bin\zip.dll
0x00007ffdf0860000 - 0x00007ffdf08c4000 	C:\Users\personal\AppData\Local\Temp\lwjglpersonal\3.2.3-build-13\lwjgl.dll
0x00007ffdb4400000 - 0x00007ffdb4462000 	C:\Users\personal\AppData\Local\Temp\lwjglpersonal\3.2.3-build-13\glfw.dll
0x00007ffe27f10000 - 0x00007ffe27fbb000 	C:\WINDOWS\system32\uxtheme.dll
0x00007ffdf1900000 - 0x00007ffdf1946000 	C:\WINDOWS\SYSTEM32\dinput8.dll
0x00007ffdf3820000 - 0x00007ffdf3831000 	C:\WINDOWS\SYSTEM32\xinput1_4.dll
0x00007ffe2a680000 - 0x00007ffe2a6ce000 	C:\WINDOWS\SYSTEM32\cfgmgr32.dll
0x00007ffe2a650000 - 0x00007ffe2a67c000 	C:\WINDOWS\SYSTEM32\DEVOBJ.dll
0x00007ffe20b10000 - 0x00007ffe20d1a000 	C:\WINDOWS\SYSTEM32\inputhost.dll
0x00007ffe27530000 - 0x00007ffe27664000 	C:\WINDOWS\SYSTEM32\CoreMessaging.dll
0x00007ffe2c460000 - 0x00007ffe2c5b4000 	C:\WINDOWS\System32\MSCTF.dll
0x00007ffe2a1b0000 - 0x00007ffe2a1bc000 	C:\WINDOWS\SYSTEM32\CRYPTBASE.DLL
0x00007ffe29200000 - 0x00007ffe2920e000 	C:\WINDOWS\SYSTEM32\HID.DLL
0x00007ffe2bef0000 - 0x00007ffe2c364000 	C:\WINDOWS\System32\SETUPAPI.DLL
0x00007ffe2abb0000 - 0x00007ffe2ac1b000 	C:\WINDOWS\System32\WINTRUST.dll
0x00007ffe2a990000 - 0x00007ffe2aaf6000 	C:\WINDOWS\System32\CRYPT32.dll
0x00007ffe2a630000 - 0x00007ffe2a642000 	C:\WINDOWS\SYSTEM32\MSASN1.dll
0x00007ffe29ae0000 - 0x00007ffe29b14000 	C:\WINDOWS\SYSTEM32\ntmarta.dll
0x00007ffd97f30000 - 0x00007ffd98183000 	C:\Users\personal\AppData\Local\Temp\lwjglpersonal\3.2.3-build-13\jemalloc.dll
0x00007ffe28340000 - 0x00007ffe2836b000 	C:\WINDOWS\SYSTEM32\dwmapi.dll
0x00007ffe03a20000 - 0x00007ffe03b20000 	C:\WINDOWS\SYSTEM32\opengl32.dll
0x00007ffe08fb0000 - 0x00007ffe08fdd000 	C:\WINDOWS\SYSTEM32\GLU32.dll
0x00007ffe28020000 - 0x00007ffe28059000 	C:\WINDOWS\SYSTEM32\dxcore.dll
0x00007ffe2c6d0000 - 0x00007ffe2c780000 	C:\WINDOWS\System32\clbcatq.dll
0x00007ffdf9fb0000 - 0x00007ffdf9fdf000 	C:\WINDOWS\System32\DriverStore\FileRepository\u0407052.inf_amd64_84d15514ad17ffa0\B406619\atig6pxx.dll
0x00007ffdafc00000 - 0x00007ffdb40dd000 	C:\WINDOWS\System32\DriverStore\FileRepository\u0407052.inf_amd64_84d15514ad17ffa0\B406619\atio6axx.dll
0x00007ffe1df90000 - 0x00007ffe1dfc5000 	C:\WINDOWS\SYSTEM32\amdihk64.dll
0x00007ffdcca90000 - 0x00007ffdccae9000 	C:\Users\personal\AppData\Local\Temp\lwjglpersonal\3.2.3-build-13\lwjgl_opengl.dll
0x00007ffe227d0000 - 0x00007ffe2291a000 	C:\WINDOWS\SYSTEM32\textinputframework.dll
0x00007ffe24650000 - 0x00007ffe249bc000 	C:\WINDOWS\SYSTEM32\CoreUIComponents.dll
0x00007ffe2ba50000 - 0x00007ffe2bbef000 	C:\WINDOWS\System32\ole32.dll

dbghelp: loaded successfully - version: 4.0.5 - missing functions: none
symbol engine: initialized successfully - sym options: 0x614 - pdb path: .;C:\Program Files\Eclipse Adoptium\jdk-17.0.14.7-hotspot\bin;C:\WINDOWS\SYSTEM32;C:\WINDOWS\WinSxS\amd64_microsoft.windows.common-controls_6595b64144ccf1df_6.0.22621.3235_none_270f74e173860f98;C:\Program Files\Eclipse Adoptium\jdk-17.0.14.7-hotspot\bin\server;C:\Users\personal\AppData\Local\Temp\lwjglpersonal\3.2.3-build-13;C:\WINDOWS\System32\DriverStore\FileRepository\u0407052.inf_amd64_84d15514ad17ffa0\B406619

VM Arguments:
jvm_args: -Dfile.encoding=windows-1252 -Duser.country=GB -Duser.language=en -Duser.variant 
java_command: com.letsbegin.core.game.Launcher
java_class_path (initial): D:\IdeaProjects\Engine3d16\build\classes\java\main;D:\IdeaProjects\Engine3d16\build\resources\main;C:\Users\personal\.gradle\caches\modules-2\files-2.1\org.joml\joml-primitives\1.10.0\b3ae3ae0dfee0bf5aef9f7964205cca0f3c6ea07\joml-primitives-1.10.0.jar;C:\Users\personal\.gradle\caches\modules-2\files-2.1\org.joml\joml\1.10.0\a29b8bf72dc1478e9ceea256db214188da94f313\joml-1.10.0.jar;C:\Users\personal\.gradle\caches\modules-2\files-2.1\org.lwjgl\lwjgl-assimp\3.2.3\f62aa07a20afbdd3097efc296c4841e0d29700eb\lwjgl-assimp-3.2.3.jar;C:\Users\personal\.gradle\caches\modules-2\files-2.1\org.lwjgl\lwjgl-assimp\3.2.3\4e60aeb75f0343c4a9ede4ef8b6b32ca702a00a3\lwjgl-assimp-3.2.3-natives-windows.jar;C:\Users\personal\.gradle\caches\modules-2\files-2.1\org.lwjgl\lwjgl-bgfx\3.2.3\433883c4040fa8df47244dffa1d42c96ce2143de\lwjgl-bgfx-3.2.3.jar;C:\Users\personal\.gradle\caches\modules-2\files-2.1\org.lwjgl\lwjgl-bgfx\3.2.3\f589da97dd3cfa96f42c8c812a0a028cf28223b8\lwjgl-bgfx-3.2.3-natives-windows.jar;C:\Users\personal\.gradle\caches\modules-2\files-2.1\org.lwjgl\lwjgl-cuda\3.2.3\fb91f3aaa29e69eee7f1314a63d3e3068ad138e4\lwjgl-cuda-3.2.3.jar;C:\Users\personal\.gradle\caches\modules-2\files-2.1\org.lwjgl\lwjgl-egl\3.2.3\45ad689a4346fac69d4e8696fa02aaa98f0ea196\lwjgl-egl-3.2.3.jar;C:\Users\personal\.gradle\caches\modules-2\files-2.1\org.lwjgl\lwjgl-glfw\3.2.3\5e520d5c290c8b012545a8d34fa5db5ab051ea53\lwjgl-glfw-3.2.3.jar;C:\Users\personal\.gradle\caches\modules-2\files-2.1\org.lwjgl\lwjgl-glfw\3.2.3\b4d8a3477cdc2edcf7a5f1e822926be846223f54\lwjgl-glfw-3.2.3-natives-windows.jar;C:\Users\personal\.gradle\caches\modules-2\files-2.1\org.lwjgl\lwjgl-jawt\3.2.3\b93ceb43c55c28651e178af42e1f344e1e9d8bf3\lwjgl-jawt-3.2.3.jar;C:\Users\personal\.gradle\caches\modules-2\files-2.1\org.lwjgl\lwjgl-jemalloc\3.2.3\b6fd0932171ba3f2eaa4547beddca3a3e645342d\lwjgl-jemalloc-3.2.3.jar;C:\Users\personal\.gradle\caches\modules-2\files-2.1\org.lwjgl\lwjgl-jemalloc\3.2.3\3423fd0d4c7c1916c8f46b
Launcher Type: SUN_STANDARD

[Global flags]
     intx CICompilerCount                          = 4                                         {product} {ergonomic}
     uint ConcGCThreads                            = 2                                         {product} {ergonomic}
     uint G1ConcRefinementThreads                  = 8                                         {product} {ergonomic}
   size_t G1HeapRegionSize                         = 2097152                                   {product} {ergonomic}
    uintx GCDrainStackTargetSize                   = 64                                        {product} {ergonomic}
   size_t InitialHeapSize                          = 234881024                                 {product} {ergonomic}
   size_t MarkStackSize                            = 4194304                                   {product} {ergonomic}
   size_t MaxHeapSize                              = 3739222016                                {product} {ergonomic}
   size_t MaxNewSize                               = 2241855488                                {product} {ergonomic}
   size_t MinHeapDeltaBytes                        = 2097152                                   {product} {ergonomic}
   size_t MinHeapSize                              = 8388608                                   {product} {ergonomic}
    uintx NonNMethodCodeHeapSize                   = 5839372                                {pd product} {ergonomic}
    uintx NonProfiledCodeHeapSize                  = 122909434                              {pd product} {ergonomic}
    uintx ProfiledCodeHeapSize                     = 122909434                              {pd product} {ergonomic}
    uintx ReservedCodeCacheSize                    = 251658240                              {pd product} {ergonomic}
     bool SegmentedCodeCache                       = true                                      {product} {ergonomic}
   size_t SoftMaxHeapSize                          = 3739222016                             {manageable} {ergonomic}
     bool UseCompressedClassPointers               = true                           {product lp64_product} {ergonomic}
     bool UseCompressedOops                        = true                           {product lp64_product} {ergonomic}
     bool UseG1GC                                  = true                                      {product} {ergonomic}
     bool UseLargePagesIndividualAllocation        = false                                  {pd product} {ergonomic}

Logging:
Log output configuration:
 #0: stdout all=warning uptime,level,tags
 #1: stderr all=off uptime,level,tags

Environment Variables:
CLASSPATH=D:\IdeaProjects\Engine3d16\\gradle\wrapper\gradle-wrapper.jar
PATH=C:\Program Files\Eclipse Adoptium\jdk-17.0.14.7-hotspot\bin;C:\Program Files\Common Files\Oracle\Java\javapath;C:\Program Files\Eclipse Adoptium\jdk-21.0.4.7-hotspot\bin;C:\WINDOWS\system32;C:\WINDOWS;C:\WINDOWS\System32\Wbem;C:\WINDOWS\System32\WindowsPowerShell\v1.0\;C:\WINDOWS\System32\OpenSSH\;C:\Program Files\dotnet\;C:\MinGW\bin;C:\ProgramData\chocolatey\bin;C:\Program Files\Graphviz\bin;C:\Program Files\Graphviz\bin;d:\cursor\cursor\resources\app\bin;C:\Program Files\Git\cmd;C:\Users\personal\AppData\Local\Programs\Python\Python312\Scripts\;C:\Users\personal\AppData\Local\Programs\Python\Python312\;C:\Users\personal\AppData\Local\Programs\Python\Launcher\;C:\Users\personal\AppData\Local\Microsoft\WindowsApps;G:\Microsoft VS Code\bin;C:\Users\personal\.dotnet\tools;C:\Users\personal\AppData\Local\GitHubDesktop\bin;;C:\Users\personal\IntelliJ IDEA Community Edition 2024.3.4\bin;;D:\cursor\cursor\resources\app\bin
USERNAME=personal
OS=Windows_NT
PROCESSOR_IDENTIFIER=AMD64 Family 23 Model 24 Stepping 1, AuthenticAMD
TMP=C:\Users\personal\AppData\Local\Temp
TEMP=C:\Users\personal\AppData\Local\Temp



Periodic native trim disabled


---------------  S Y S T E M  ---------------

OS:
 Windows 11 , 64 bit Build 22621 (10.0.22621.3235)
OS uptime: 0 days 4:46 hours

CPU: total 8 (initial active 8) (8 cores per cpu, 2 threads per core) family 23 model 24 stepping 1 microcode 0x0, cx8, cmov, fxsr, ht, mmx, 3dnowpref, sse, sse2, sse3, ssse3, sse4a, sse4.1, sse4.2, popcnt, lzcnt, tsc, tscinvbit, avx, avx2, aes, clmul, bmi1, bmi2, adx, sha, fma, vzeroupper, clflush, clflushopt
Processor Information for all 8 processors :
  Max Mhz: 3700, Current Mhz: 3700, Mhz Limit: 3700

Memory: 4k page, system-wide physical 14258M (2416M free)
TotalPageFile size 28516M (AvailPageFile size 8803M)
current process WorkingSet (physical memory assigned to process): 112M, peak: 130M
current process commit charge ("private bytes"): 382M, peak: 404M

vm_info: OpenJDK 64-Bit Server VM (17.0.14+7) for windows-amd64 JRE (17.0.14+7), built on Jan 21 2025 23:40:15 by "admin" with MS VC++ 17.7 (VS2022)

END.
