#
# A fatal error has been detected by the Java Runtime Environment:
#
#  EXCEPTION_ACCESS_VIOLATION (0xc0000005) at pc=0x00007ffdb415c530, pid=2828, tid=15684
#
# JRE version: Java(TM) SE Runtime Environment (17.0.12+8) (build 17.0.12+8-LTS-286)
# Java VM: Java HotSpot(TM) 64-Bit Server VM (17.0.12+8-LTS-286, mixed mode, sharing, tiered, compressed oops, compressed class ptrs, g1 gc, windows-amd64)
# Problematic frame:
# C  [lwjgl.dll+0x1c530]
#
# No core dump will be written. Minidumps are not enabled by default on client versions of Windows
#
# If you would like to submit a bug report, please visit:
#   https://bugreport.java.com/bugreport/crash.jsp
# The crash happened outside the Java Virtual Machine in native code.
# See problematic frame for where to report the bug.
#

---------------  S U M M A R Y ------------

Command Line: -Dfile.encoding=UTF-8 -Duser.country=GB -Duser.language=en -Duser.variant com.letsbegin.core.game.Launcher

Host: AMD Ryzen 5 3400G with Radeon Vega Graphics    , 8 cores, 13G,  Windows 11 , 64 bit Build 22621 (10.0.22621.3235)
Time: Wed Mar 19 19:19:03 2025 Taipei Standard Time elapsed time: 0.981516 seconds (0d 0h 0m 0s)

---------------  T H R E A D  ---------------

Current thread (0x0000024923672a90):  JavaThread "main" [_thread_in_native, id=15684, stack(0x000000eff8c00000,0x000000eff8d00000)]

Stack: [0x000000eff8c00000,0x000000eff8d00000],  sp=0x000000eff8cff2e8,  free space=1020k
Native frames: (J=compiled Java code, j=interpreted, Vv=VM code, C=native code)
C  [lwjgl.dll+0x1c530]

Java frames: (J=compiled Java code, j=interpreted, Vv=VM code)
j  org.lwjgl.system.dyncall.DynCallback.ndcbGetUserData(J)J+0
j  org.lwjgl.system.dyncall.DynCallback.dcbGetUserData(J)J+12
j  org.lwjgl.system.Callback.free(J)V+12
j  org.lwjgl.system.Callback.free()V+4
j  com.letsbegin.core.engine.EngineManager.cleanup()V+11
j  com.letsbegin.core.engine.EngineManager.run()V+166
j  com.letsbegin.core.engine.EngineManager.start()V+13
j  com.letsbegin.core.game.Launcher.main([Ljava/lang/String;)V+47
v  ~StubRoutines::call_stub

siginfo: EXCEPTION_ACCESS_VIOLATION (0xc0000005), reading address 0x0000024945e80020


Registers:
RAX=0x00007ffdb41599d0, RBX=0x00000249874c4db0, RCX=0x0000024945e80000, RDX=0x000000eff8cff378
RSP=0x000000eff8cff2e8, RBP=0x000000eff8cff368, RSI=0x0000000000000110, RDI=0x000000000000024c
R8 =0x0000024945e80000, R9 =0x000000072eadc9e8, R10=0x000002493245d5a7, R11=0x000000072e6f1ab0
R12=0x0000000000000000, R13=0x00000249874c4db0, R14=0x000000eff8cff390, R15=0x0000024923672a90
RIP=0x00007ffdb415c530, EFLAGS=0x0000000000010202


Register to memory mapping:

RIP=0x00007ffdb415c530 lwjgl.dll
RAX=0x00007ffdb41599d0 lwjgl.dll
RBX={method} {0x00000249874c4db8} 'ndcbGetUserData' '(J)J' in 'org/lwjgl/system/dyncall/DynCallback'
RCX=0x0000024945e80000 is an unknown value
RDX=0x000000eff8cff378 is pointing into the stack for thread: 0x0000024923672a90
RSP=0x000000eff8cff2e8 is pointing into the stack for thread: 0x0000024923672a90
RBP=0x000000eff8cff368 is pointing into the stack for thread: 0x0000024923672a90
RSI=0x0000000000000110 is an unknown value
RDI=0x000000000000024c is an unknown value
R8 =0x0000024945e80000 is an unknown value
R9 =0x000000072eadc9e8 is an oop: java.lang.Class 
{0x000000072eadc9e8} - klass: 'java/lang/Class'
 - ---- fields (total size 15 words):
 - private volatile transient 'classRedefinedCount' 'I' @12  0
 - private volatile transient 'cachedConstructor' 'Ljava/lang/reflect/Constructor;' @40  NULL (0)
 - private transient 'name' 'Ljava/lang/String;' @44  "org.lwjgl.system.Checks"{0x000000072eadca70} (e5d5b94e)
 - private transient 'module' 'Ljava/lang/Module;' @48  a 'java/lang/Module'{0x000000072f0ed830} (e5e1db06)
 - private final 'classLoader' 'Ljava/lang/ClassLoader;' @52  a 'jdk/internal/loader/ClassLoaders$AppClassLoader'{0x000000072f0ed670} (e5e1dace)
 - private transient 'classData' 'Ljava/lang/Object;' @56  NULL (0)
 - private transient 'packageName' 'Ljava/lang/String;' @60  "org.lwjgl.system"{0x000000072ed94100} (e5db2820)
 - private final 'componentType' 'Ljava/lang/Class;' @64  NULL (0)
 - private volatile transient 'reflectionData' 'Ljava/lang/ref/SoftReference;' @68  NULL (0)
 - private volatile transient 'genericInfo' 'Lsun/reflect/generics/repository/ClassRepository;' @72  NULL (0)
 - private volatile transient 'enumConstants' '[Ljava/lang/Object;' @76  NULL (0)
 - private volatile transient 'enumConstantDirectory' 'Ljava/util/Map;' @80  NULL (0)
 - private volatile transient 'annotationData' 'Ljava/lang/Class$AnnotationData;' @84  NULL (0)
 - private volatile transient 'annotationType' 'Lsun/reflect/annotation/AnnotationType;' @88  NULL (0)
 - transient 'classValueMap' 'Ljava/lang/ClassValue$ClassValueMap;' @92  NULL (0)
 - signature: Lorg/lwjgl/system/Checks;
 - fake entry for mirror: 'org/lwjgl/system/Checks'
 - fake entry for array: NULL
 - fake entry for oop_size: 15
 - fake entry for static_oop_field_count: 0
 - public static final 'CHECKS' 'Z' @112  true
 - public static final 'DEBUG' 'Z' @113  false
 - public static final 'DEBUG_FUNCTIONS' 'Z' @114  false
R10=0x000002493245d5a7 is at code_begin+935 in an Interpreter codelet
method entry point (kind = native)  [0x000002493245d200, 0x000002493245db60]  2400 bytes
R11=0x000000072e6f1ab0 is an oop: java.lang.Class 
{0x000000072e6f1ab0} - klass: 'java/lang/Class'
 - ---- fields (total size 16 words):
 - private volatile transient 'classRedefinedCount' 'I' @12  0
 - private volatile transient 'cachedConstructor' 'Ljava/lang/reflect/Constructor;' @40  NULL (0)
 - private transient 'name' 'Ljava/lang/String;' @44  "org.lwjgl.system.dyncall.DynCallback"{0x000000072e6f1b40} (e5cde368)
 - private transient 'module' 'Ljava/lang/Module;' @48  a 'java/lang/Module'{0x000000072f0ed830} (e5e1db06)
 - private final 'classLoader' 'Ljava/lang/ClassLoader;' @52  a 'jdk/internal/loader/ClassLoaders$AppClassLoader'{0x000000072f0ed670} (e5e1dace)
 - private transient 'classData' 'Ljava/lang/Object;' @56  NULL (0)
 - private transient 'packageName' 'Ljava/lang/String;' @60  "org.lwjgl.system.dyncall"{0x000000072e6ed428} (e5cdda85)
 - private final 'componentType' 'Ljava/lang/Class;' @64  NULL (0)
 - private volatile transient 'reflectionData' 'Ljava/lang/ref/SoftReference;' @68  NULL (0)
 - private volatile transient 'genericInfo' 'Lsun/reflect/generics/repository/ClassRepository;' @72  NULL (0)
 - private volatile transient 'enumConstants' '[Ljava/lang/Object;' @76  NULL (0)
 - private volatile transient 'enumConstantDirectory' 'Ljava/util/Map;' @80  NULL (0)
 - private volatile transient 'annotationData' 'Ljava/lang/Class$AnnotationData;' @84  NULL (0)
 - private volatile transient 'annotationType' 'Lsun/reflect/annotation/AnnotationType;' @88  NULL (0)
 - transient 'classValueMap' 'Ljava/lang/ClassValue$ClassValueMap;' @92  NULL (0)
 - signature: Lorg/lwjgl/system/dyncall/DynCallback;
 - fake entry for mirror: 'org/lwjgl/system/dyncall/DynCallback'
 - fake entry for array: NULL
 - fake entry for oop_size: 16
 - fake entry for static_oop_field_count: 0
 - public static final 'DCB_SIGCHAR_CC_PREFIX' 'C' @112  _ 95 (5f)
 - public static final 'DCB_SIGCHAR_CC_ELLIPSIS' 'C' @114  e 101 (65)
 - public static final 'DCB_SIGCHAR_CC_STDCALL' 'C' @116  s 115 (73)
 - public static final 'DCB_SIGCHAR_CC_FASTCALL_GNU' 'C' @118  f 102 (66)
 - public static final 'DCB_SIGCHAR_CC_FASTCALL_MS' 'C' @120  F 70 (46)
 - public static final 'DCB_SIGCHAR_CC_THISCALL_MS' 'C' @122  + 43 (2b)
R12=0x0 is NULL
R13={method} {0x00000249874c4db8} 'ndcbGetUserData' '(J)J' in 'org/lwjgl/system/dyncall/DynCallback'
R14=0x000000eff8cff390 is pointing into the stack for thread: 0x0000024923672a90
R15=0x0000024923672a90 is a thread


Top of Stack: (sp=0x000000eff8cff2e8)
0x000000eff8cff2e8:   000002493245d5d6 0000024923672a90
0x000000eff8cff2f8:   00000249324594f0 000000eff8cfeed0
0x000000eff8cff308:   0000000000000000 000000eff8cfeed0
0x000000eff8cff318:   000002493245daa6 000000eff8cff320
0x000000eff8cff328:   0000000000000000 000000eff8cff390
0x000000eff8cff338:   00000249874c6600 0000000000000000
0x000000eff8cff348:   000000072e6f1ab0 00000249874c4db0
0x000000eff8cff358:   0000000000000000 000000eff8cff388
0x000000eff8cff368:   000000eff8cff3e0 00000249324595bf
0x000000eff8cff378:   000000072e6f1ab0 000002493245af56
0x000000eff8cff388:   0000024945e80000 0000000000000000
0x000000eff8cff398:   000000eff8cff398 00000249874c4e54
0x000000eff8cff3a8:   000000eff8cff3f8 00000249874c6600
0x000000eff8cff3b8:   0000000000000000 000000072e6f1ab0
0x000000eff8cff3c8:   00000249874c4e80 000000eff8cff388
0x000000eff8cff3d8:   000000eff8cff3f0 000000eff8cff448 

Instructions: (pc=0x00007ffdb415c530)
0x00007ffdb415c430:   48 63 41 08 4c 8b c1 83 f8 04 7d 0f 48 8b d0 ff
0x00007ffdb415c440:   c0 89 41 08 f2 0f 10 44 d1 30 c3 48 8b 09 48 8d
0x00007ffdb415c450:   41 08 49 89 00 f2 0f 10 01 c3 cc cc cc cc cc cc
0x00007ffdb415c460:   48 63 41 08 4c 8b c1 83 f8 04 7d 0f 48 8b d0 ff
0x00007ffdb415c470:   c0 89 41 08 f3 0f 10 44 d1 30 c3 48 8b 09 48 8d
0x00007ffdb415c480:   41 08 49 89 00 f3 0f 10 01 c3 cc cc cc cc cc cc
0x00007ffdb415c490:   4c 8b c1 48 63 49 08 83 f9 04 7d 0f 8d 41 01 49
0x00007ffdb415c4a0:   8d 14 c8 41 89 40 08 8b 42 10 c3 49 8b 08 48 8d
0x00007ffdb415c4b0:   41 08 49 89 00 8b 01 c3 cc cc cc cc cc cc cc cc
0x00007ffdb415c4c0:   48 63 51 08 4c 8b c1 83 fa 04 7d 0e 48 8b c2 ff
0x00007ffdb415c4d0:   c2 89 51 08 48 8b 44 c1 10 c3 48 8b 01 48 8d 48
0x00007ffdb415c4e0:   08 49 89 08 48 8b 00 c3 cc cc cc cc cc cc cc cc
0x00007ffdb415c4f0:   4c 8b c1 48 63 49 08 83 f9 04 7d 10 8d 41 01 49
0x00007ffdb415c500:   8d 14 c8 41 89 40 08 0f b7 42 10 c3 49 8b 08 48
0x00007ffdb415c510:   8d 41 08 49 89 00 0f b7 01 c3 cc cc cc cc cc cc
0x00007ffdb415c520:   ba 28 00 00 00 e9 e6 00 00 00 cc cc cc cc cc cc
0x00007ffdb415c530:   48 8b 41 20 c3 cc cc cc cc cc cc cc cc cc cc cc
0x00007ffdb415c540:   4c 89 41 18 4c 89 49 20 c3 cc cc cc cc cc cc cc
0x00007ffdb415c550:   48 89 5c 24 08 57 48 83 ec 20 48 8b fa b9 28 00
0x00007ffdb415c560:   00 00 48 8d 54 24 48 49 8b d8 e8 61 00 00 00 85
0x00007ffdb415c570:   c0 75 40 48 8b 4c 24 48 48 8d 15 2c 01 00 00 e8
0x00007ffdb415c580:   9c 00 00 00 48 8b 44 24 48 ba 28 00 00 00 48 89
0x00007ffdb415c590:   78 18 48 89 58 20 48 8b 4c 24 48 e8 10 dc ff ff
0x00007ffdb415c5a0:   85 c0 74 1c 48 8b 4c 24 48 ba 28 00 00 00 e8 5d
0x00007ffdb415c5b0:   00 00 00 33 c0 48 8b 5c 24 30 48 83 c4 20 5f c3
0x00007ffdb415c5c0:   48 8b 44 24 48 48 8b 5c 24 30 48 83 c4 20 5f c3
0x00007ffdb415c5d0:   40 53 48 83 ec 20 48 8b da 41 b9 40 00 00 00 48
0x00007ffdb415c5e0:   8b d1 41 b8 00 10 00 00 33 c9 ff 15 58 ea 01 00
0x00007ffdb415c5f0:   48 85 c0 75 0b b8 ff ff ff ff 48 83 c4 20 5b c3
0x00007ffdb415c600:   48 89 03 33 c0 48 83 c4 20 5b c3 cc cc cc cc cc
0x00007ffdb415c610:   33 d2 41 b8 00 80 00 00 48 ff 25 31 ea 01 00 cc
0x00007ffdb415c620:   48 b8 25 03 00 00 00 90 90 90 48 c7 01 48 8d 05 


Stack slot to memory mapping:
stack at sp + 0 slots: 0x000002493245d5d6 is at code_begin+982 in an Interpreter codelet
method entry point (kind = native)  [0x000002493245d200, 0x000002493245db60]  2400 bytes
stack at sp + 1 slots: 0x0000024923672a90 is a thread
stack at sp + 2 slots: 0x00000249324594f0 is at code_begin+1136 in an Interpreter codelet
return entry points  [0x0000024932459080, 0x0000024932459bc0]  2880 bytes
stack at sp + 3 slots: 0x000000eff8cfeed0 is pointing into the stack for thread: 0x0000024923672a90
stack at sp + 4 slots: 0x0 is NULL
stack at sp + 5 slots: 0x000000eff8cfeed0 is pointing into the stack for thread: 0x0000024923672a90
stack at sp + 6 slots: 0x000002493245daa6 is at code_begin+2214 in an Interpreter codelet
method entry point (kind = native)  [0x000002493245d200, 0x000002493245db60]  2400 bytes
stack at sp + 7 slots: 0x000000eff8cff320 is pointing into the stack for thread: 0x0000024923672a90


---------------  P R O C E S S  ---------------

Threads class SMR info:
_java_thread_list=0x00000249967553a0, length=14, elements={
0x0000024923672a90, 0x00000249451049e0, 0x0000024945105570, 0x0000024945118fc0,
0x0000024945119890, 0x000002494511b910, 0x0000024945120600, 0x00000249451247b0,
0x00000249451264e0, 0x000002494513c990, 0x000002494513c480, 0x000002494513cea0,
0x00000249458707f0, 0x00000249967558f0
}

Java Threads: ( => current thread )
=>0x0000024923672a90 JavaThread "main" [_thread_in_native, id=15684, stack(0x000000eff8c00000,0x000000eff8d00000)]
  0x00000249451049e0 JavaThread "Reference Handler" daemon [_thread_blocked, id=13976, stack(0x000000eff9300000,0x000000eff9400000)]
  0x0000024945105570 JavaThread "Finalizer" daemon [_thread_blocked, id=15992, stack(0x000000eff9400000,0x000000eff9500000)]
  0x0000024945118fc0 JavaThread "Signal Dispatcher" daemon [_thread_blocked, id=1228, stack(0x000000eff9500000,0x000000eff9600000)]
  0x0000024945119890 JavaThread "Attach Listener" daemon [_thread_blocked, id=18256, stack(0x000000eff9600000,0x000000eff9700000)]
  0x000002494511b910 JavaThread "Service Thread" daemon [_thread_blocked, id=15264, stack(0x000000eff9700000,0x000000eff9800000)]
  0x0000024945120600 JavaThread "Monitor Deflation Thread" daemon [_thread_blocked, id=17740, stack(0x000000eff9800000,0x000000eff9900000)]
  0x00000249451247b0 JavaThread "C2 CompilerThread0" daemon [_thread_blocked, id=13804, stack(0x000000eff9900000,0x000000eff9a00000)]
  0x00000249451264e0 JavaThread "C1 CompilerThread0" daemon [_thread_blocked, id=7556, stack(0x000000eff9a00000,0x000000eff9b00000)]
  0x000002494513c990 JavaThread "Sweeper thread" daemon [_thread_blocked, id=7360, stack(0x000000eff9b00000,0x000000eff9c00000)]
  0x000002494513c480 JavaThread "Notification Thread" daemon [_thread_blocked, id=17836, stack(0x000000eff9c00000,0x000000eff9d00000)]
  0x000002494513cea0 JavaThread "Common-Cleaner" daemon [_thread_blocked, id=13972, stack(0x000000eff9e00000,0x000000eff9f00000)]
  0x00000249458707f0 JavaThread "C2 CompilerThread1" daemon [_thread_in_native, id=16840, stack(0x000000effa200000,0x000000effa300000)]
  0x00000249967558f0 JavaThread "C2 CompilerThread2" daemon [_thread_blocked, id=7000, stack(0x000000effa600000,0x000000effa700000)]

Other Threads:
  0x0000024945101830 VMThread "VM Thread" [stack: 0x000000eff9200000,0x000000eff9300000] [id=6724]
  0x000002494535d720 WatcherThread [stack: 0x000000eff9d00000,0x000000eff9e00000] [id=17096]
  0x00000249236d5b50 GCTaskThread "GC Thread#0" [stack: 0x000000eff8d00000,0x000000eff8e00000] [id=15688]
  0x00000249236e4780 ConcurrentGCThread "G1 Main Marker" [stack: 0x000000eff8e00000,0x000000eff8f00000] [id=15328]
  0x00000249236e4fa0 ConcurrentGCThread "G1 Conc#0" [stack: 0x000000eff8f00000,0x000000eff9000000] [id=4920]
  0x0000024944fbd050 ConcurrentGCThread "G1 Refine#0" [stack: 0x000000eff9000000,0x000000eff9100000] [id=17756]
  0x0000024944fbe8a0 ConcurrentGCThread "G1 Service" [stack: 0x000000eff9100000,0x000000eff9200000] [id=2400]

Threads with active compile tasks:
C2 CompilerThread1     1027  706   !   4       jdk.internal.loader.URLClassPath$JarLoader::getResource (354 bytes)

VM state: not at safepoint (normal execution)

VM Mutex/Monitor currently owned by a thread: None

Heap address: 0x0000000721200000, size: 3566 MB, Compressed Oops mode: Zero based, Oop shift amount: 3

CDS archive(s) mapped at: [0x0000024946000000-0x0000024946bd0000-0x0000024946bd0000), size 12386304, SharedBaseAddress: 0x0000024946000000, ArchiveRelocationMode: 1.
Compressed class space mapped at: 0x0000024947000000-0x0000024987000000, reserved size: 1073741824
Narrow klass base: 0x0000024946000000, Narrow klass shift: 0, Narrow klass range: 0x100000000

GC Precious Log:
 CPUs: 8 total, 8 available
 Memory: 14258M
 Large Page Support: Disabled
 NUMA Support: Disabled
 Compressed Oops: Enabled (Zero based)
 Heap Region Size: 2M
 Heap Min Capacity: 8M
 Heap Initial Capacity: 224M
 Heap Max Capacity: 3566M
 Pre-touch: Disabled
 Parallel Workers: 8
 Concurrent Workers: 2
 Concurrent Refinement Workers: 8
 Periodic GC: Disabled

Heap:
 garbage-first heap   total 229376K, used 16384K [0x0000000721200000, 0x0000000800000000)
  region size 2048K, 10 young (20480K), 0 survivors (0K)
 Metaspace       used 4635K, committed 4800K, reserved 1114112K
  class space    used 237K, committed 320K, reserved 1048576K

Heap Regions: E=young(eden), S=young(survivor), O=old, HS=humongous(starts), HC=humongous(continues), CS=collection set, F=free, OA=open archive, CA=closed archive, TAMS=top-at-mark-start (previous, next)
|   0|0x0000000721200000, 0x0000000721200000, 0x0000000721400000|  0%| F|  |TAMS 0x0000000721200000, 0x0000000721200000| Untracked 
|   1|0x0000000721400000, 0x0000000721400000, 0x0000000721600000|  0%| F|  |TAMS 0x0000000721400000, 0x0000000721400000| Untracked 
|   2|0x0000000721600000, 0x0000000721600000, 0x0000000721800000|  0%| F|  |TAMS 0x0000000721600000, 0x0000000721600000| Untracked 
|   3|0x0000000721800000, 0x0000000721800000, 0x0000000721a00000|  0%| F|  |TAMS 0x0000000721800000, 0x0000000721800000| Untracked 
|   4|0x0000000721a00000, 0x0000000721a00000, 0x0000000721c00000|  0%| F|  |TAMS 0x0000000721a00000, 0x0000000721a00000| Untracked 
|   5|0x0000000721c00000, 0x0000000721c00000, 0x0000000721e00000|  0%| F|  |TAMS 0x0000000721c00000, 0x0000000721c00000| Untracked 
|   6|0x0000000721e00000, 0x0000000721e00000, 0x0000000722000000|  0%| F|  |TAMS 0x0000000721e00000, 0x0000000721e00000| Untracked 
|   7|0x0000000722000000, 0x0000000722000000, 0x0000000722200000|  0%| F|  |TAMS 0x0000000722000000, 0x0000000722000000| Untracked 
|   8|0x0000000722200000, 0x0000000722200000, 0x0000000722400000|  0%| F|  |TAMS 0x0000000722200000, 0x0000000722200000| Untracked 
|   9|0x0000000722400000, 0x0000000722400000, 0x0000000722600000|  0%| F|  |TAMS 0x0000000722400000, 0x0000000722400000| Untracked 
|  10|0x0000000722600000, 0x0000000722600000, 0x0000000722800000|  0%| F|  |TAMS 0x0000000722600000, 0x0000000722600000| Untracked 
|  11|0x0000000722800000, 0x0000000722800000, 0x0000000722a00000|  0%| F|  |TAMS 0x0000000722800000, 0x0000000722800000| Untracked 
|  12|0x0000000722a00000, 0x0000000722a00000, 0x0000000722c00000|  0%| F|  |TAMS 0x0000000722a00000, 0x0000000722a00000| Untracked 
|  13|0x0000000722c00000, 0x0000000722c00000, 0x0000000722e00000|  0%| F|  |TAMS 0x0000000722c00000, 0x0000000722c00000| Untracked 
|  14|0x0000000722e00000, 0x0000000722e00000, 0x0000000723000000|  0%| F|  |TAMS 0x0000000722e00000, 0x0000000722e00000| Untracked 
|  15|0x0000000723000000, 0x0000000723000000, 0x0000000723200000|  0%| F|  |TAMS 0x0000000723000000, 0x0000000723000000| Untracked 
|  16|0x0000000723200000, 0x0000000723200000, 0x0000000723400000|  0%| F|  |TAMS 0x0000000723200000, 0x0000000723200000| Untracked 
|  17|0x0000000723400000, 0x0000000723400000, 0x0000000723600000|  0%| F|  |TAMS 0x0000000723400000, 0x0000000723400000| Untracked 
|  18|0x0000000723600000, 0x0000000723600000, 0x0000000723800000|  0%| F|  |TAMS 0x0000000723600000, 0x0000000723600000| Untracked 
|  19|0x0000000723800000, 0x0000000723800000, 0x0000000723a00000|  0%| F|  |TAMS 0x0000000723800000, 0x0000000723800000| Untracked 
|  20|0x0000000723a00000, 0x0000000723a00000, 0x0000000723c00000|  0%| F|  |TAMS 0x0000000723a00000, 0x0000000723a00000| Untracked 
|  21|0x0000000723c00000, 0x0000000723c00000, 0x0000000723e00000|  0%| F|  |TAMS 0x0000000723c00000, 0x0000000723c00000| Untracked 
|  22|0x0000000723e00000, 0x0000000723e00000, 0x0000000724000000|  0%| F|  |TAMS 0x0000000723e00000, 0x0000000723e00000| Untracked 
|  23|0x0000000724000000, 0x0000000724000000, 0x0000000724200000|  0%| F|  |TAMS 0x0000000724000000, 0x0000000724000000| Untracked 
|  24|0x0000000724200000, 0x0000000724200000, 0x0000000724400000|  0%| F|  |TAMS 0x0000000724200000, 0x0000000724200000| Untracked 
|  25|0x0000000724400000, 0x0000000724400000, 0x0000000724600000|  0%| F|  |TAMS 0x0000000724400000, 0x0000000724400000| Untracked 
|  26|0x0000000724600000, 0x0000000724600000, 0x0000000724800000|  0%| F|  |TAMS 0x0000000724600000, 0x0000000724600000| Untracked 
|  27|0x0000000724800000, 0x0000000724800000, 0x0000000724a00000|  0%| F|  |TAMS 0x0000000724800000, 0x0000000724800000| Untracked 
|  28|0x0000000724a00000, 0x0000000724a00000, 0x0000000724c00000|  0%| F|  |TAMS 0x0000000724a00000, 0x0000000724a00000| Untracked 
|  29|0x0000000724c00000, 0x0000000724c00000, 0x0000000724e00000|  0%| F|  |TAMS 0x0000000724c00000, 0x0000000724c00000| Untracked 
|  30|0x0000000724e00000, 0x0000000724e00000, 0x0000000725000000|  0%| F|  |TAMS 0x0000000724e00000, 0x0000000724e00000| Untracked 
|  31|0x0000000725000000, 0x0000000725000000, 0x0000000725200000|  0%| F|  |TAMS 0x0000000725000000, 0x0000000725000000| Untracked 
|  32|0x0000000725200000, 0x0000000725200000, 0x0000000725400000|  0%| F|  |TAMS 0x0000000725200000, 0x0000000725200000| Untracked 
|  33|0x0000000725400000, 0x0000000725400000, 0x0000000725600000|  0%| F|  |TAMS 0x0000000725400000, 0x0000000725400000| Untracked 
|  34|0x0000000725600000, 0x0000000725600000, 0x0000000725800000|  0%| F|  |TAMS 0x0000000725600000, 0x0000000725600000| Untracked 
|  35|0x0000000725800000, 0x0000000725800000, 0x0000000725a00000|  0%| F|  |TAMS 0x0000000725800000, 0x0000000725800000| Untracked 
|  36|0x0000000725a00000, 0x0000000725a00000, 0x0000000725c00000|  0%| F|  |TAMS 0x0000000725a00000, 0x0000000725a00000| Untracked 
|  37|0x0000000725c00000, 0x0000000725c00000, 0x0000000725e00000|  0%| F|  |TAMS 0x0000000725c00000, 0x0000000725c00000| Untracked 
|  38|0x0000000725e00000, 0x0000000725e00000, 0x0000000726000000|  0%| F|  |TAMS 0x0000000725e00000, 0x0000000725e00000| Untracked 
|  39|0x0000000726000000, 0x0000000726000000, 0x0000000726200000|  0%| F|  |TAMS 0x0000000726000000, 0x0000000726000000| Untracked 
|  40|0x0000000726200000, 0x0000000726200000, 0x0000000726400000|  0%| F|  |TAMS 0x0000000726200000, 0x0000000726200000| Untracked 
|  41|0x0000000726400000, 0x0000000726400000, 0x0000000726600000|  0%| F|  |TAMS 0x0000000726400000, 0x0000000726400000| Untracked 
|  42|0x0000000726600000, 0x0000000726600000, 0x0000000726800000|  0%| F|  |TAMS 0x0000000726600000, 0x0000000726600000| Untracked 
|  43|0x0000000726800000, 0x0000000726800000, 0x0000000726a00000|  0%| F|  |TAMS 0x0000000726800000, 0x0000000726800000| Untracked 
|  44|0x0000000726a00000, 0x0000000726a00000, 0x0000000726c00000|  0%| F|  |TAMS 0x0000000726a00000, 0x0000000726a00000| Untracked 
|  45|0x0000000726c00000, 0x0000000726c00000, 0x0000000726e00000|  0%| F|  |TAMS 0x0000000726c00000, 0x0000000726c00000| Untracked 
|  46|0x0000000726e00000, 0x0000000726e00000, 0x0000000727000000|  0%| F|  |TAMS 0x0000000726e00000, 0x0000000726e00000| Untracked 
|  47|0x0000000727000000, 0x0000000727000000, 0x0000000727200000|  0%| F|  |TAMS 0x0000000727000000, 0x0000000727000000| Untracked 
|  48|0x0000000727200000, 0x0000000727200000, 0x0000000727400000|  0%| F|  |TAMS 0x0000000727200000, 0x0000000727200000| Untracked 
|  49|0x0000000727400000, 0x0000000727400000, 0x0000000727600000|  0%| F|  |TAMS 0x0000000727400000, 0x0000000727400000| Untracked 
|  50|0x0000000727600000, 0x0000000727600000, 0x0000000727800000|  0%| F|  |TAMS 0x0000000727600000, 0x0000000727600000| Untracked 
|  51|0x0000000727800000, 0x0000000727800000, 0x0000000727a00000|  0%| F|  |TAMS 0x0000000727800000, 0x0000000727800000| Untracked 
|  52|0x0000000727a00000, 0x0000000727a00000, 0x0000000727c00000|  0%| F|  |TAMS 0x0000000727a00000, 0x0000000727a00000| Untracked 
|  53|0x0000000727c00000, 0x0000000727c00000, 0x0000000727e00000|  0%| F|  |TAMS 0x0000000727c00000, 0x0000000727c00000| Untracked 
|  54|0x0000000727e00000, 0x0000000727e00000, 0x0000000728000000|  0%| F|  |TAMS 0x0000000727e00000, 0x0000000727e00000| Untracked 
|  55|0x0000000728000000, 0x0000000728000000, 0x0000000728200000|  0%| F|  |TAMS 0x0000000728000000, 0x0000000728000000| Untracked 
|  56|0x0000000728200000, 0x0000000728200000, 0x0000000728400000|  0%| F|  |TAMS 0x0000000728200000, 0x0000000728200000| Untracked 
|  57|0x0000000728400000, 0x0000000728400000, 0x0000000728600000|  0%| F|  |TAMS 0x0000000728400000, 0x0000000728400000| Untracked 
|  58|0x0000000728600000, 0x0000000728600000, 0x0000000728800000|  0%| F|  |TAMS 0x0000000728600000, 0x0000000728600000| Untracked 
|  59|0x0000000728800000, 0x0000000728800000, 0x0000000728a00000|  0%| F|  |TAMS 0x0000000728800000, 0x0000000728800000| Untracked 
|  60|0x0000000728a00000, 0x0000000728a00000, 0x0000000728c00000|  0%| F|  |TAMS 0x0000000728a00000, 0x0000000728a00000| Untracked 
|  61|0x0000000728c00000, 0x0000000728c00000, 0x0000000728e00000|  0%| F|  |TAMS 0x0000000728c00000, 0x0000000728c00000| Untracked 
|  62|0x0000000728e00000, 0x0000000728e00000, 0x0000000729000000|  0%| F|  |TAMS 0x0000000728e00000, 0x0000000728e00000| Untracked 
|  63|0x0000000729000000, 0x0000000729000000, 0x0000000729200000|  0%| F|  |TAMS 0x0000000729000000, 0x0000000729000000| Untracked 
|  64|0x0000000729200000, 0x0000000729200000, 0x0000000729400000|  0%| F|  |TAMS 0x0000000729200000, 0x0000000729200000| Untracked 
|  65|0x0000000729400000, 0x0000000729400000, 0x0000000729600000|  0%| F|  |TAMS 0x0000000729400000, 0x0000000729400000| Untracked 
|  66|0x0000000729600000, 0x0000000729600000, 0x0000000729800000|  0%| F|  |TAMS 0x0000000729600000, 0x0000000729600000| Untracked 
|  67|0x0000000729800000, 0x0000000729800000, 0x0000000729a00000|  0%| F|  |TAMS 0x0000000729800000, 0x0000000729800000| Untracked 
|  68|0x0000000729a00000, 0x0000000729a00000, 0x0000000729c00000|  0%| F|  |TAMS 0x0000000729a00000, 0x0000000729a00000| Untracked 
|  69|0x0000000729c00000, 0x0000000729c00000, 0x0000000729e00000|  0%| F|  |TAMS 0x0000000729c00000, 0x0000000729c00000| Untracked 
|  70|0x0000000729e00000, 0x0000000729e00000, 0x000000072a000000|  0%| F|  |TAMS 0x0000000729e00000, 0x0000000729e00000| Untracked 
|  71|0x000000072a000000, 0x000000072a000000, 0x000000072a200000|  0%| F|  |TAMS 0x000000072a000000, 0x000000072a000000| Untracked 
|  72|0x000000072a200000, 0x000000072a200000, 0x000000072a400000|  0%| F|  |TAMS 0x000000072a200000, 0x000000072a200000| Untracked 
|  73|0x000000072a400000, 0x000000072a400000, 0x000000072a600000|  0%| F|  |TAMS 0x000000072a400000, 0x000000072a400000| Untracked 
|  74|0x000000072a600000, 0x000000072a600000, 0x000000072a800000|  0%| F|  |TAMS 0x000000072a600000, 0x000000072a600000| Untracked 
|  75|0x000000072a800000, 0x000000072a800000, 0x000000072aa00000|  0%| F|  |TAMS 0x000000072a800000, 0x000000072a800000| Untracked 
|  76|0x000000072aa00000, 0x000000072aa00000, 0x000000072ac00000|  0%| F|  |TAMS 0x000000072aa00000, 0x000000072aa00000| Untracked 
|  77|0x000000072ac00000, 0x000000072ac00000, 0x000000072ae00000|  0%| F|  |TAMS 0x000000072ac00000, 0x000000072ac00000| Untracked 
|  78|0x000000072ae00000, 0x000000072ae00000, 0x000000072b000000|  0%| F|  |TAMS 0x000000072ae00000, 0x000000072ae00000| Untracked 
|  79|0x000000072b000000, 0x000000072b000000, 0x000000072b200000|  0%| F|  |TAMS 0x000000072b000000, 0x000000072b000000| Untracked 
|  80|0x000000072b200000, 0x000000072b200000, 0x000000072b400000|  0%| F|  |TAMS 0x000000072b200000, 0x000000072b200000| Untracked 
|  81|0x000000072b400000, 0x000000072b400000, 0x000000072b600000|  0%| F|  |TAMS 0x000000072b400000, 0x000000072b400000| Untracked 
|  82|0x000000072b600000, 0x000000072b600000, 0x000000072b800000|  0%| F|  |TAMS 0x000000072b600000, 0x000000072b600000| Untracked 
|  83|0x000000072b800000, 0x000000072b800000, 0x000000072ba00000|  0%| F|  |TAMS 0x000000072b800000, 0x000000072b800000| Untracked 
|  84|0x000000072ba00000, 0x000000072ba00000, 0x000000072bc00000|  0%| F|  |TAMS 0x000000072ba00000, 0x000000072ba00000| Untracked 
|  85|0x000000072bc00000, 0x000000072bc00000, 0x000000072be00000|  0%| F|  |TAMS 0x000000072bc00000, 0x000000072bc00000| Untracked 
|  86|0x000000072be00000, 0x000000072be00000, 0x000000072c000000|  0%| F|  |TAMS 0x000000072be00000, 0x000000072be00000| Untracked 
|  87|0x000000072c000000, 0x000000072c000000, 0x000000072c200000|  0%| F|  |TAMS 0x000000072c000000, 0x000000072c000000| Untracked 
|  88|0x000000072c200000, 0x000000072c200000, 0x000000072c400000|  0%| F|  |TAMS 0x000000072c200000, 0x000000072c200000| Untracked 
|  89|0x000000072c400000, 0x000000072c400000, 0x000000072c600000|  0%| F|  |TAMS 0x000000072c400000, 0x000000072c400000| Untracked 
|  90|0x000000072c600000, 0x000000072c600000, 0x000000072c800000|  0%| F|  |TAMS 0x000000072c600000, 0x000000072c600000| Untracked 
|  91|0x000000072c800000, 0x000000072c800000, 0x000000072ca00000|  0%| F|  |TAMS 0x000000072c800000, 0x000000072c800000| Untracked 
|  92|0x000000072ca00000, 0x000000072ca00000, 0x000000072cc00000|  0%| F|  |TAMS 0x000000072ca00000, 0x000000072ca00000| Untracked 
|  93|0x000000072cc00000, 0x000000072cc00000, 0x000000072ce00000|  0%| F|  |TAMS 0x000000072cc00000, 0x000000072cc00000| Untracked 
|  94|0x000000072ce00000, 0x000000072ce00000, 0x000000072d000000|  0%| F|  |TAMS 0x000000072ce00000, 0x000000072ce00000| Untracked 
|  95|0x000000072d000000, 0x000000072d000000, 0x000000072d200000|  0%| F|  |TAMS 0x000000072d000000, 0x000000072d000000| Untracked 
|  96|0x000000072d200000, 0x000000072d200000, 0x000000072d400000|  0%| F|  |TAMS 0x000000072d200000, 0x000000072d200000| Untracked 
|  97|0x000000072d400000, 0x000000072d400000, 0x000000072d600000|  0%| F|  |TAMS 0x000000072d400000, 0x000000072d400000| Untracked 
|  98|0x000000072d600000, 0x000000072d600000, 0x000000072d800000|  0%| F|  |TAMS 0x000000072d600000, 0x000000072d600000| Untracked 
|  99|0x000000072d800000, 0x000000072d800000, 0x000000072da00000|  0%| F|  |TAMS 0x000000072d800000, 0x000000072d800000| Untracked 
| 100|0x000000072da00000, 0x000000072da00000, 0x000000072dc00000|  0%| F|  |TAMS 0x000000072da00000, 0x000000072da00000| Untracked 
| 101|0x000000072dc00000, 0x000000072dc00000, 0x000000072de00000|  0%| F|  |TAMS 0x000000072dc00000, 0x000000072dc00000| Untracked 
| 102|0x000000072de00000, 0x000000072df547b0, 0x000000072e000000| 66%| E|  |TAMS 0x000000072de00000, 0x000000072de00000| Complete 
| 103|0x000000072e000000, 0x000000072e200000, 0x000000072e200000|100%| E|CS|TAMS 0x000000072e000000, 0x000000072e000000| Complete 
| 104|0x000000072e200000, 0x000000072e400000, 0x000000072e400000|100%| E|CS|TAMS 0x000000072e200000, 0x000000072e200000| Complete 
| 105|0x000000072e400000, 0x000000072e600000, 0x000000072e600000|100%| E|CS|TAMS 0x000000072e400000, 0x000000072e400000| Complete 
| 106|0x000000072e600000, 0x000000072e800000, 0x000000072e800000|100%| E|  |TAMS 0x000000072e600000, 0x000000072e600000| Complete 
| 107|0x000000072e800000, 0x000000072ea00000, 0x000000072ea00000|100%| E|CS|TAMS 0x000000072e800000, 0x000000072e800000| Complete 
| 108|0x000000072ea00000, 0x000000072ec00000, 0x000000072ec00000|100%| E|CS|TAMS 0x000000072ea00000, 0x000000072ea00000| Complete 
| 109|0x000000072ec00000, 0x000000072ee00000, 0x000000072ee00000|100%| E|CS|TAMS 0x000000072ec00000, 0x000000072ec00000| Complete 
| 110|0x000000072ee00000, 0x000000072f000000, 0x000000072f000000|100%| E|CS|TAMS 0x000000072ee00000, 0x000000072ee00000| Complete 
| 111|0x000000072f000000, 0x000000072f200000, 0x000000072f200000|100%| E|CS|TAMS 0x000000072f000000, 0x000000072f000000| Complete 

Card table byte_map: [0x000002493a950000,0x000002493b050000] _byte_map_base: 0x0000024937047000

Marking Bits (Prev, Next): (CMBitMap*) 0x00000249236d5f80, (CMBitMap*) 0x00000249236d5fc0
 Prev Bits: [0x000002493b750000, 0x000002493ef08000)
 Next Bits: [0x000002493ef10000, 0x00000249426c8000)

Polling page: 0x00000249214b0000

Metaspace:

Usage:
  Non-class:      4.29 MB used.
      Class:    237.39 KB used.
       Both:      4.53 MB used.

Virtual space:
  Non-class space:       64.00 MB reserved,       4.38 MB (  7%) committed,  1 nodes.
      Class space:        1.00 GB reserved,     320.00 KB ( <1%) committed,  1 nodes.
             Both:        1.06 GB reserved,       4.69 MB ( <1%) committed. 

Chunk freelists:
   Non-Class:  8.98 MB
       Class:  15.59 MB
        Both:  24.58 MB

MaxMetaspaceSize: unlimited
CompressedClassSpaceSize: 1.00 GB
Initial GC threshold: 21.00 MB
Current GC threshold: 21.00 MB
CDS: on
MetaspaceReclaimPolicy: balanced
 - commit_granule_bytes: 65536.
 - commit_granule_words: 8192.
 - virtual_space_node_default_size: 8388608.
 - enlarge_chunks_in_place: 1.
 - new_chunks_are_fully_committed: 0.
 - uncommit_free_chunks: 1.
 - use_allocation_guard: 0.
 - handle_deallocations: 1.


Internal statistics:

num_allocs_failed_limit: 0.
num_arena_births: 48.
num_arena_deaths: 0.
num_vsnodes_births: 2.
num_vsnodes_deaths: 0.
num_space_committed: 73.
num_space_uncommitted: 0.
num_chunks_returned_to_freelist: 0.
num_chunks_taken_from_freelist: 171.
num_chunk_merges: 0.
num_chunk_splits: 122.
num_chunks_enlarged: 94.
num_inconsistent_stats: 0.

CodeHeap 'non-profiled nmethods': size=120000Kb used=340Kb max_used=340Kb free=119659Kb
 bounds [0x00000249329f0000, 0x0000024932c60000, 0x0000024939f20000]
CodeHeap 'profiled nmethods': size=120000Kb used=1400Kb max_used=1400Kb free=118599Kb
 bounds [0x000002492af20000, 0x000002492b190000, 0x0000024932450000]
CodeHeap 'non-nmethods': size=5760Kb used=1538Kb max_used=1557Kb free=4221Kb
 bounds [0x0000024932450000, 0x00000249326c0000, 0x00000249329f0000]
 total_blobs=1743 nmethods=795 adapters=861
 compilation: enabled
              stopped_count=0, restarted_count=0
 full_count=0

Compilation events (20 events):
Event: 0.930 Thread 0x00000249451247b0 nmethod 756 0x0000024932a3e310 code [0x0000024932a3e4a0, 0x0000024932a3e678]
Event: 0.930 Thread 0x00000249451247b0  757       4       java.util.Objects::checkIndex (7 bytes)
Event: 0.931 Thread 0x00000249451247b0 nmethod 757 0x0000024932a3e810 code [0x0000024932a3e980, 0x0000024932a3ea18]
Event: 0.931 Thread 0x00000249451247b0  758       4       jdk.internal.util.Preconditions::checkIndex (18 bytes)
Event: 0.931 Thread 0x00000249451247b0 nmethod 758 0x0000024932a3eb10 code [0x0000024932a3ec80, 0x0000024932a3ed18]
Event: 0.970 Thread 0x00000249451264e0  787       3       java.nio.ByteBuffer::array (35 bytes)
Event: 0.971 Thread 0x00000249451264e0 nmethod 787 0x000002492b07b010 code [0x000002492b07b1e0, 0x000002492b07b4b8]
Event: 0.972 Thread 0x00000249451264e0  788       3       java.nio.CharBuffer::hasArray (20 bytes)
Event: 0.972 Thread 0x00000249451264e0 nmethod 788 0x000002492b07b610 code [0x000002492b07b7a0, 0x000002492b07b958]
Event: 0.972 Thread 0x00000249451264e0  789       3       java.nio.ByteBuffer::hasArray (20 bytes)
Event: 0.972 Thread 0x00000249451264e0 nmethod 789 0x000002492b07ba10 code [0x000002492b07bba0, 0x000002492b07bd58]
Event: 0.972 Thread 0x00000249451264e0  790       3       java.nio.CharBuffer::array (35 bytes)
Event: 0.972 Thread 0x00000249451264e0 nmethod 790 0x000002492b07be10 code [0x000002492b07bfe0, 0x000002492b07c2b8]
Event: 0.973 Thread 0x00000249451264e0  791       3       java.lang.String::valueOf (15 bytes)
Event: 0.973 Thread 0x00000249451264e0 nmethod 791 0x000002492b07c410 code [0x000002492b07c5c0, 0x000002492b07c7c8]
Event: 0.973 Thread 0x00000249451264e0  792       3       java.lang.AbstractStringBuilder::append (55 bytes)
Event: 0.974 Thread 0x00000249451264e0 nmethod 792 0x000002492b07c890 code [0x000002492b07ca60, 0x000002492b07cd98]
Event: 0.974 Thread 0x00000249451264e0  793       3       java.io.BufferedWriter::ensureOpen (18 bytes)
Event: 0.974 Thread 0x00000249451264e0 nmethod 793 0x000002492b07cf10 code [0x000002492b07d0c0, 0x000002492b07d2c8]
Event: 0.974 Thread 0x00000249451264e0  794       3       java.lang.StringCoding::implEncodeAsciiArray (47 bytes)

GC Heap History (0 events):
No events

Deoptimization events (20 events):
Event: 0.358 Thread 0x0000024923672a90 Uncommon trap: trap_request=0xffffffde fr.pc=0x0000024932a112ac relative=0x000000000000036c
Event: 0.358 Thread 0x0000024923672a90 Uncommon trap: reason=class_check action=maybe_recompile pc=0x0000024932a112ac method=java.util.HashMap.getNode(Ljava/lang/Object;)Ljava/util/HashMap$Node; @ 63 c2
Event: 0.358 Thread 0x0000024923672a90 DEOPT PACKING pc=0x0000024932a112ac sp=0x000000eff8cfe280
Event: 0.358 Thread 0x0000024923672a90 DEOPT UNPACKING pc=0x00000249324a23a3 sp=0x000000eff8cfe1e8 mode 2
Event: 0.496 Thread 0x0000024923672a90 DEOPT PACKING pc=0x000002492af72ed3 sp=0x000000eff8cfdbb0
Event: 0.496 Thread 0x0000024923672a90 DEOPT UNPACKING pc=0x00000249324a2b43 sp=0x000000eff8cfd0d0 mode 0
Event: 0.507 Thread 0x0000024923672a90 DEOPT PACKING pc=0x000002492af7491d sp=0x000000eff8cfd7f0
Event: 0.507 Thread 0x0000024923672a90 DEOPT UNPACKING pc=0x00000249324a2b43 sp=0x000000eff8cfcca0 mode 0
Event: 0.709 Thread 0x0000024923672a90 Uncommon trap: trap_request=0xffffffde fr.pc=0x0000024932a184dc relative=0x000000000000041c
Event: 0.709 Thread 0x0000024923672a90 Uncommon trap: reason=class_check action=maybe_recompile pc=0x0000024932a184dc method=java.util.HashMap.getNode(Ljava/lang/Object;)Ljava/util/HashMap$Node; @ 128 c2
Event: 0.709 Thread 0x0000024923672a90 DEOPT PACKING pc=0x0000024932a184dc sp=0x000000eff8cfe210
Event: 0.709 Thread 0x0000024923672a90 DEOPT UNPACKING pc=0x00000249324a23a3 sp=0x000000eff8cfe118 mode 2
Event: 0.747 Thread 0x0000024923672a90 Uncommon trap: trap_request=0xffffff54 fr.pc=0x0000024932a27060 relative=0x0000000000000060
Event: 0.747 Thread 0x0000024923672a90 Uncommon trap: reason=speculate_null_assert action=make_not_entrant pc=0x0000024932a27060 method=sun.misc.Unsafe.putLong(Ljava/lang/Object;JJ)V @ 7 c2
Event: 0.747 Thread 0x0000024923672a90 DEOPT PACKING pc=0x0000024932a27060 sp=0x000000eff8cff200
Event: 0.747 Thread 0x0000024923672a90 DEOPT UNPACKING pc=0x00000249324a23a3 sp=0x000000eff8cff178 mode 2
Event: 0.970 Thread 0x0000024923672a90 Uncommon trap: trap_request=0xffffff45 fr.pc=0x0000024932a2e378 relative=0x00000000000005b8
Event: 0.970 Thread 0x0000024923672a90 Uncommon trap: reason=unstable_if action=reinterpret pc=0x0000024932a2e378 method=java.lang.Integer.getChars(II[B)I @ 25 c2
Event: 0.970 Thread 0x0000024923672a90 DEOPT PACKING pc=0x0000024932a2e378 sp=0x000000eff8cfe640
Event: 0.970 Thread 0x0000024923672a90 DEOPT UNPACKING pc=0x00000249324a23a3 sp=0x000000eff8cfe578 mode 2

Classes unloaded (0 events):
No events

Classes redefined (0 events):
No events

Internal exceptions (16 events):
Event: 0.308 Thread 0x0000024923672a90 Exception <a 'java/lang/NoSuchMethodError'{0x000000072eadd940}: 'void java.lang.invoke.DirectMethodHandle$Holder.invokeStatic(java.lang.Object, java.lang.Object)'> (0x000000072eadd940) 
thrown [s\open\src\hotspot\share\interpreter\linkResolver.cpp, line 759]
Event: 0.309 Thread 0x0000024923672a90 Exception <a 'java/lang/NoSuchMethodError'{0x000000072eae34a0}: 'void java.lang.invoke.DirectMethodHandle$Holder.invokeSpecial(java.lang.Object, java.lang.Object, java.lang.Object)'> (0x000000072eae34a0) 
thrown [s\open\src\hotspot\share\interpreter\linkResolver.cpp, line 759]
Event: 0.311 Thread 0x0000024923672a90 Exception <a 'java/lang/NoSuchMethodError'{0x000000072eaf6828}: 'java.lang.Object java.lang.invoke.DirectMethodHandle$Holder.invokeStatic(java.lang.Object, java.lang.Object, int)'> (0x000000072eaf6828) 
thrown [s\open\src\hotspot\share\interpreter\linkResolver.cpp, line 759]
Event: 0.312 Thread 0x0000024923672a90 Exception <a 'java/lang/NoSuchMethodError'{0x000000072eb02598}: 'void java.lang.invoke.DelegatingMethodHandle$Holder.delegate(java.lang.Object, java.lang.Object, int, java.lang.Object)'> (0x000000072eb02598) 
thrown [s\open\src\hotspot\share\interpreter\linkResolver.cpp, line 759]
Event: 0.313 Thread 0x0000024923672a90 Exception <a 'java/lang/NoSuchMethodError'{0x000000072eb068c8}: 'int java.lang.invoke.DirectMethodHandle$Holder.invokeSpecial(java.lang.Object, java.lang.Object, java.lang.Object)'> (0x000000072eb068c8) 
thrown [s\open\src\hotspot\share\interpreter\linkResolver.cpp, line 759]
Event: 0.354 Thread 0x0000024923672a90 Exception <a 'sun/nio/fs/WindowsException'{0x000000072e8603a8}> (0x000000072e8603a8) 
thrown [s\open\src\hotspot\share\prims\jni.cpp, line 516]
Event: 0.355 Thread 0x0000024923672a90 Exception <a 'sun/nio/fs/WindowsException'{0x000000072e860928}> (0x000000072e860928) 
thrown [s\open\src\hotspot\share\prims\jni.cpp, line 516]
Event: 0.361 Thread 0x0000024923672a90 Exception <a 'sun/nio/fs/WindowsException'{0x000000072e878e58}> (0x000000072e878e58) 
thrown [s\open\src\hotspot\share\prims\jni.cpp, line 516]
Event: 0.362 Thread 0x0000024923672a90 Exception <a 'sun/nio/fs/WindowsException'{0x000000072e8791e8}> (0x000000072e8791e8) 
thrown [s\open\src\hotspot\share\prims\jni.cpp, line 516]
Event: 0.368 Thread 0x0000024923672a90 Exception <a 'java/lang/NoSuchMethodError'{0x000000072e8de500}: 'java.lang.Object java.lang.invoke.DirectMethodHandle$Holder.invokeStaticInit(java.lang.Object)'> (0x000000072e8de500) 
thrown [s\open\src\hotspot\share\interpreter\linkResolver.cpp, line 759]
Event: 0.516 Thread 0x0000024923672a90 Exception <a 'sun/nio/fs/WindowsException'{0x000000072e6d8a68}> (0x000000072e6d8a68) 
thrown [s\open\src\hotspot\share\prims\jni.cpp, line 516]
Event: 0.516 Thread 0x0000024923672a90 Exception <a 'sun/nio/fs/WindowsException'{0x000000072e6d8e28}> (0x000000072e6d8e28) 
thrown [s\open\src\hotspot\share\prims\jni.cpp, line 516]
Event: 0.711 Thread 0x0000024923672a90 Exception <a 'sun/nio/fs/WindowsException'{0x000000072e74cce0}> (0x000000072e74cce0) 
thrown [s\open\src\hotspot\share\prims\jni.cpp, line 516]
Event: 0.711 Thread 0x0000024923672a90 Exception <a 'sun/nio/fs/WindowsException'{0x000000072e74d0b0}> (0x000000072e74d0b0) 
thrown [s\open\src\hotspot\share\prims\jni.cpp, line 516]
Event: 0.714 Thread 0x0000024923672a90 Exception <a 'sun/nio/fs/WindowsException'{0x000000072e75f100}> (0x000000072e75f100) 
thrown [s\open\src\hotspot\share\prims\jni.cpp, line 516]
Event: 0.714 Thread 0x0000024923672a90 Exception <a 'sun/nio/fs/WindowsException'{0x000000072e75f400}> (0x000000072e75f400) 
thrown [s\open\src\hotspot\share\prims\jni.cpp, line 516]

VM Operations (6 events):
Event: 0.192 Executing VM operation: HandshakeAllThreads
Event: 0.192 Executing VM operation: HandshakeAllThreads done
Event: 0.338 Executing VM operation: HandshakeAllThreads
Event: 0.338 Executing VM operation: HandshakeAllThreads done
Event: 0.721 Executing VM operation: HandshakeAllThreads
Event: 0.721 Executing VM operation: HandshakeAllThreads done

Events (20 events):
Event: 0.738 loading class sun/net/www/protocol/jrt/Handler done
Event: 0.741 loading class sun/util/resources/LocaleData$CommonResourceBundleProvider
Event: 0.741 loading class sun/util/resources/LocaleData$LocaleDataResourceBundleProvider
Event: 0.741 loading class java/util/spi/ResourceBundleProvider
Event: 0.741 loading class java/util/spi/ResourceBundleProvider done
Event: 0.741 loading class sun/util/resources/LocaleData$LocaleDataResourceBundleProvider done
Event: 0.741 loading class sun/util/resources/LocaleData$CommonResourceBundleProvider done
Event: 0.741 loading class java/util/ArrayList$SubList$1
Event: 0.742 loading class java/util/ArrayList$SubList$1 done
Event: 0.742 loading class sun/text/resources/cldr/FormatData_en
Event: 0.742 loading class sun/text/resources/cldr/FormatData_en done
Event: 0.742 loading class sun/util/resources/Bundles$2
Event: 0.742 loading class sun/util/resources/Bundles$2 done
Event: 0.853 Thread 0x00000249967558f0 Thread added: 0x00000249967558f0
Event: 0.883 loading class jdk/internal/reflect/UnsafeQualifiedLongFieldAccessorImpl
Event: 0.884 loading class jdk/internal/reflect/UnsafeQualifiedFieldAccessorImpl
Event: 0.884 loading class jdk/internal/reflect/UnsafeQualifiedFieldAccessorImpl done
Event: 0.884 loading class jdk/internal/reflect/UnsafeQualifiedLongFieldAccessorImpl done
Event: 0.969 loading class java/lang/StackTraceElement$HashedModules
Event: 0.969 loading class java/lang/StackTraceElement$HashedModules done


Dynamic libraries:
0x00007ff6743e0000 - 0x00007ff6743f0000 	C:\Program Files\Java\jdk-17\bin\java.exe
0x00007ffe2d650000 - 0x00007ffe2d866000 	C:\WINDOWS\SYSTEM32\ntdll.dll
0x00007ffe2c370000 - 0x00007ffe2c434000 	C:\WINDOWS\System32\KERNEL32.DLL
0x00007ffe2ad40000 - 0x00007ffe2b0e6000 	C:\WINDOWS\System32\KERNELBASE.dll
0x00007ffe2b1c0000 - 0x00007ffe2b2d1000 	C:\WINDOWS\System32\ucrtbase.dll
0x00007ffdf32c0000 - 0x00007ffdf32d9000 	C:\Program Files\Java\jdk-17\bin\jli.dll
0x00007ffdf08b0000 - 0x00007ffdf08cb000 	C:\Program Files\Java\jdk-17\bin\VCRUNTIME140.dll
0x00007ffe2b570000 - 0x00007ffe2b622000 	C:\WINDOWS\System32\ADVAPI32.dll
0x00007ffe2c620000 - 0x00007ffe2c6c7000 	C:\WINDOWS\System32\msvcrt.dll
0x00007ffe2c7a0000 - 0x00007ffe2c848000 	C:\WINDOWS\System32\sechost.dll
0x00007ffe2b0f0000 - 0x00007ffe2b118000 	C:\WINDOWS\System32\bcrypt.dll
0x00007ffe2b780000 - 0x00007ffe2b895000 	C:\WINDOWS\System32\RPCRT4.dll
0x00007ffe2b8a0000 - 0x00007ffe2ba4d000 	C:\WINDOWS\System32\USER32.dll
0x00007ffe127f0000 - 0x00007ffe12a83000 	C:\WINDOWS\WinSxS\amd64_microsoft.windows.common-controls_6595b64144ccf1df_6.0.22621.3235_none_270f74e173860f98\COMCTL32.dll
0x00007ffe2d4e0000 - 0x00007ffe2d509000 	C:\WINDOWS\System32\GDI32.dll
0x00007ffe2ab00000 - 0x00007ffe2ab26000 	C:\WINDOWS\System32\win32u.dll
0x00007ffe2ac20000 - 0x00007ffe2ad38000 	C:\WINDOWS\System32\gdi32full.dll
0x00007ffe245e0000 - 0x00007ffe245ea000 	C:\WINDOWS\SYSTEM32\VERSION.dll
0x00007ffe2b120000 - 0x00007ffe2b1ba000 	C:\WINDOWS\System32\msvcp_win.dll
0x00007ffe2c850000 - 0x00007ffe2c881000 	C:\WINDOWS\System32\IMM32.DLL
0x00007ffdfac00000 - 0x00007ffdfac0c000 	C:\Program Files\Java\jdk-17\bin\vcruntime140_1.dll
0x00007ffdf0820000 - 0x00007ffdf08ae000 	C:\Program Files\Java\jdk-17\bin\msvcp140.dll
0x00007ffd97480000 - 0x00007ffd98060000 	C:\Program Files\Java\jdk-17\bin\server\jvm.dll
0x00007ffe2c440000 - 0x00007ffe2c448000 	C:\WINDOWS\System32\PSAPI.DLL
0x00007ffe24180000 - 0x00007ffe241b4000 	C:\WINDOWS\SYSTEM32\WINMM.dll
0x00007ffdf3810000 - 0x00007ffdf3819000 	C:\WINDOWS\SYSTEM32\WSOCK32.dll
0x00007ffe2be50000 - 0x00007ffe2bec1000 	C:\WINDOWS\System32\WS2_32.dll
0x00007ffe29ac0000 - 0x00007ffe29ad8000 	C:\WINDOWS\SYSTEM32\kernel.appcore.dll
0x00007ffdf1900000 - 0x00007ffdf190a000 	C:\Program Files\Java\jdk-17\bin\jimage.dll
0x00007ffe23450000 - 0x00007ffe23683000 	C:\WINDOWS\SYSTEM32\DBGHELP.DLL
0x00007ffe2d150000 - 0x00007ffe2d4d8000 	C:\WINDOWS\System32\combase.dll
0x00007ffe2b6a0000 - 0x00007ffe2b777000 	C:\WINDOWS\System32\OLEAUT32.dll
0x00007ffdf58b0000 - 0x00007ffdf58e2000 	C:\WINDOWS\SYSTEM32\dbgcore.DLL
0x00007ffe2ab30000 - 0x00007ffe2abaa000 	C:\WINDOWS\System32\bcryptPrimitives.dll
0x00007ffdccac0000 - 0x00007ffdccae5000 	C:\Program Files\Java\jdk-17\bin\java.dll
0x00007ffdaa030000 - 0x00007ffdaa107000 	C:\Program Files\Java\jdk-17\bin\jsvml.dll
0x00007ffe2c890000 - 0x00007ffe2d0ec000 	C:\WINDOWS\System32\SHELL32.dll
0x00007ffe288f0000 - 0x00007ffe291e8000 	C:\WINDOWS\SYSTEM32\windows.storage.dll
0x00007ffe287b0000 - 0x00007ffe288ee000 	C:\WINDOWS\SYSTEM32\wintypes.dll
0x00007ffe2d510000 - 0x00007ffe2d603000 	C:\WINDOWS\System32\SHCORE.dll
0x00007ffe2d0f0000 - 0x00007ffe2d14e000 	C:\WINDOWS\System32\shlwapi.dll
0x00007ffe2a8c0000 - 0x00007ffe2a8e6000 	C:\WINDOWS\SYSTEM32\profapi.dll
0x00007ffdcc1e0000 - 0x00007ffdcc1f9000 	C:\Program Files\Java\jdk-17\bin\net.dll
0x00007ffe24040000 - 0x00007ffe24177000 	C:\WINDOWS\SYSTEM32\WINHTTP.dll
0x00007ffe29f40000 - 0x00007ffe29fa9000 	C:\WINDOWS\system32\mswsock.dll
0x00007ffdcc1c0000 - 0x00007ffdcc1d6000 	C:\Program Files\Java\jdk-17\bin\nio.dll
0x00007ffdccaa0000 - 0x00007ffdccab8000 	C:\Program Files\Java\jdk-17\bin\zip.dll
0x00007ffdb4140000 - 0x00007ffdb41a4000 	C:\Users\personal\AppData\Local\Temp\lwjglpersonal\3.2.3-build-13\lwjgl.dll
0x00007ffd97410000 - 0x00007ffd97472000 	C:\Users\personal\AppData\Local\Temp\lwjglpersonal\3.2.3-build-13\glfw.dll
0x00007ffe27f10000 - 0x00007ffe27fbb000 	C:\WINDOWS\system32\uxtheme.dll
0x00007ffdb43e0000 - 0x00007ffdb4426000 	C:\WINDOWS\SYSTEM32\dinput8.dll
0x00007ffdb4120000 - 0x00007ffdb4131000 	C:\WINDOWS\SYSTEM32\xinput1_4.dll
0x00007ffe2a650000 - 0x00007ffe2a67c000 	C:\WINDOWS\SYSTEM32\DEVOBJ.dll
0x00007ffe2a680000 - 0x00007ffe2a6ce000 	C:\WINDOWS\SYSTEM32\cfgmgr32.dll
0x00007ffe20b10000 - 0x00007ffe20d1a000 	C:\WINDOWS\SYSTEM32\inputhost.dll
0x00007ffe27530000 - 0x00007ffe27664000 	C:\WINDOWS\SYSTEM32\CoreMessaging.dll
0x00007ffe2c460000 - 0x00007ffe2c5b4000 	C:\WINDOWS\System32\MSCTF.dll
0x00007ffe2a1b0000 - 0x00007ffe2a1bc000 	C:\WINDOWS\SYSTEM32\CRYPTBASE.DLL
0x00007ffe29200000 - 0x00007ffe2920e000 	C:\WINDOWS\SYSTEM32\HID.DLL
0x00007ffe2bef0000 - 0x00007ffe2c364000 	C:\WINDOWS\System32\SETUPAPI.DLL
0x00007ffe2abb0000 - 0x00007ffe2ac1b000 	C:\WINDOWS\System32\WINTRUST.dll
0x00007ffe2a990000 - 0x00007ffe2aaf6000 	C:\WINDOWS\System32\CRYPT32.dll
0x00007ffe2a630000 - 0x00007ffe2a642000 	C:\WINDOWS\SYSTEM32\MSASN1.dll
0x00007ffd971b0000 - 0x00007ffd97403000 	C:\Users\personal\AppData\Local\Temp\lwjglpersonal\3.2.3-build-13\jemalloc.dll
0x00007ffe28340000 - 0x00007ffe2836b000 	C:\WINDOWS\SYSTEM32\dwmapi.dll
0x00007ffe03a20000 - 0x00007ffe03b20000 	C:\WINDOWS\SYSTEM32\opengl32.dll
0x00007ffe08fb0000 - 0x00007ffe08fdd000 	C:\WINDOWS\SYSTEM32\GLU32.dll
0x00007ffe28020000 - 0x00007ffe28059000 	C:\WINDOWS\SYSTEM32\dxcore.dll
0x00007ffe2c6d0000 - 0x00007ffe2c780000 	C:\WINDOWS\System32\clbcatq.dll
0x00007ffdf9fb0000 - 0x00007ffdf9fdf000 	C:\WINDOWS\System32\DriverStore\FileRepository\u0407052.inf_amd64_84d15514ad17ffa0\B406619\atig6pxx.dll
0x00007ffdafc00000 - 0x00007ffdb40dd000 	C:\WINDOWS\System32\DriverStore\FileRepository\u0407052.inf_amd64_84d15514ad17ffa0\B406619\atio6axx.dll
0x00007ffe1df90000 - 0x00007ffe1dfc5000 	C:\WINDOWS\SYSTEM32\amdihk64.dll
0x00007ffd97150000 - 0x00007ffd971a9000 	C:\Users\personal\AppData\Local\Temp\lwjglpersonal\3.2.3-build-13\lwjgl_opengl.dll
0x00007ffe227d0000 - 0x00007ffe2291a000 	C:\WINDOWS\SYSTEM32\textinputframework.dll
0x00007ffe24650000 - 0x00007ffe249bc000 	C:\WINDOWS\SYSTEM32\CoreUIComponents.dll
0x00007ffe2ba50000 - 0x00007ffe2bbef000 	C:\WINDOWS\System32\ole32.dll

dbghelp: loaded successfully - version: 4.0.5 - missing functions: none
symbol engine: initialized successfully - sym options: 0x614 - pdb path: .;C:\Program Files\Java\jdk-17\bin;C:\WINDOWS\SYSTEM32;C:\WINDOWS\WinSxS\amd64_microsoft.windows.common-controls_6595b64144ccf1df_6.0.22621.3235_none_270f74e173860f98;C:\Program Files\Java\jdk-17\bin\server;C:\Users\personal\AppData\Local\Temp\lwjglpersonal\3.2.3-build-13;C:\WINDOWS\System32\DriverStore\FileRepository\u0407052.inf_amd64_84d15514ad17ffa0\B406619

VM Arguments:
jvm_args: -Dfile.encoding=UTF-8 -Duser.country=GB -Duser.language=en -Duser.variant 
java_command: com.letsbegin.core.game.Launcher
java_class_path (initial): D:\IdeaProjects\Engine3d16\build\classes\java\main;D:\IdeaProjects\Engine3d16\build\resources\main;C:\Users\personal\.gradle\caches\modules-2\files-2.1\org.joml\joml-primitives\1.10.0\b3ae3ae0dfee0bf5aef9f7964205cca0f3c6ea07\joml-primitives-1.10.0.jar;C:\Users\personal\.gradle\caches\modules-2\files-2.1\org.joml\joml\1.10.0\a29b8bf72dc1478e9ceea256db214188da94f313\joml-1.10.0.jar;C:\Users\personal\.gradle\caches\modules-2\files-2.1\org.lwjgl\lwjgl-assimp\3.2.3\f62aa07a20afbdd3097efc296c4841e0d29700eb\lwjgl-assimp-3.2.3.jar;C:\Users\personal\.gradle\caches\modules-2\files-2.1\org.lwjgl\lwjgl-assimp\3.2.3\4e60aeb75f0343c4a9ede4ef8b6b32ca702a00a3\lwjgl-assimp-3.2.3-natives-windows.jar;C:\Users\personal\.gradle\caches\modules-2\files-2.1\org.lwjgl\lwjgl-bgfx\3.2.3\433883c4040fa8df47244dffa1d42c96ce2143de\lwjgl-bgfx-3.2.3.jar;C:\Users\personal\.gradle\caches\modules-2\files-2.1\org.lwjgl\lwjgl-bgfx\3.2.3\f589da97dd3cfa96f42c8c812a0a028cf28223b8\lwjgl-bgfx-3.2.3-natives-windows.jar;C:\Users\personal\.gradle\caches\modules-2\files-2.1\org.lwjgl\lwjgl-cuda\3.2.3\fb91f3aaa29e69eee7f1314a63d3e3068ad138e4\lwjgl-cuda-3.2.3.jar;C:\Users\personal\.gradle\caches\modules-2\files-2.1\org.lwjgl\lwjgl-egl\3.2.3\45ad689a4346fac69d4e8696fa02aaa98f0ea196\lwjgl-egl-3.2.3.jar;C:\Users\personal\.gradle\caches\modules-2\files-2.1\org.lwjgl\lwjgl-glfw\3.2.3\5e520d5c290c8b012545a8d34fa5db5ab051ea53\lwjgl-glfw-3.2.3.jar;C:\Users\personal\.gradle\caches\modules-2\files-2.1\org.lwjgl\lwjgl-glfw\3.2.3\b4d8a3477cdc2edcf7a5f1e822926be846223f54\lwjgl-glfw-3.2.3-natives-windows.jar;C:\Users\personal\.gradle\caches\modules-2\files-2.1\org.lwjgl\lwjgl-jawt\3.2.3\b93ceb43c55c28651e178af42e1f344e1e9d8bf3\lwjgl-jawt-3.2.3.jar;C:\Users\personal\.gradle\caches\modules-2\files-2.1\org.lwjgl\lwjgl-jemalloc\3.2.3\b6fd0932171ba3f2eaa4547beddca3a3e645342d\lwjgl-jemalloc-3.2.3.jar;C:\Users\personal\.gradle\caches\modules-2\files-2.1\org.lwjgl\lwjgl-jemalloc\3.2.3\3423fd0d4c7c1916c8f46b
Launcher Type: SUN_STANDARD

[Global flags]
     intx CICompilerCount                          = 4                                         {product} {ergonomic}
     uint ConcGCThreads                            = 2                                         {product} {ergonomic}
     uint G1ConcRefinementThreads                  = 8                                         {product} {ergonomic}
   size_t G1HeapRegionSize                         = 2097152                                   {product} {ergonomic}
    uintx GCDrainStackTargetSize                   = 64                                        {product} {ergonomic}
   size_t InitialHeapSize                          = 234881024                                 {product} {ergonomic}
   size_t MarkStackSize                            = 4194304                                   {product} {ergonomic}
   size_t MaxHeapSize                              = 3739222016                                {product} {ergonomic}
   size_t MaxNewSize                               = 2241855488                                {product} {ergonomic}
   size_t MinHeapDeltaBytes                        = 2097152                                   {product} {ergonomic}
   size_t MinHeapSize                              = 8388608                                   {product} {ergonomic}
    uintx NonNMethodCodeHeapSize                   = 5839372                                {pd product} {ergonomic}
    uintx NonProfiledCodeHeapSize                  = 122909434                              {pd product} {ergonomic}
    uintx ProfiledCodeHeapSize                     = 122909434                              {pd product} {ergonomic}
    uintx ReservedCodeCacheSize                    = 251658240                              {pd product} {ergonomic}
     bool SegmentedCodeCache                       = true                                      {product} {ergonomic}
   size_t SoftMaxHeapSize                          = 3739222016                             {manageable} {ergonomic}
     bool UseCompressedClassPointers               = true                           {product lp64_product} {ergonomic}
     bool UseCompressedOops                        = true                           {product lp64_product} {ergonomic}
     bool UseG1GC                                  = true                                      {product} {ergonomic}
     bool UseLargePagesIndividualAllocation        = false                                  {pd product} {ergonomic}

Logging:
Log output configuration:
 #0: stdout all=warning uptime,level,tags
 #1: stderr all=off uptime,level,tags

Environment Variables:
PATH=C:\Program Files\Eclipse Adoptium\jdk-17.0.14.7-hotspot\bin;C:\Program Files\Common Files\Oracle\Java\javapath;C:\Program Files\Eclipse Adoptium\jdk-21.0.4.7-hotspot\bin;C:\WINDOWS\system32;C:\WINDOWS;C:\WINDOWS\System32\Wbem;C:\WINDOWS\System32\WindowsPowerShell\v1.0\;C:\WINDOWS\System32\OpenSSH\;C:\Program Files\dotnet\;C:\MinGW\bin;C:\ProgramData\chocolatey\bin;C:\Program Files\Graphviz\bin;C:\Program Files\Graphviz\bin;d:\cursor\cursor\resources\app\bin;C:\Program Files\Git\cmd;C:\Users\personal\AppData\Local\Programs\Python\Python312\Scripts\;C:\Users\personal\AppData\Local\Programs\Python\Python312\;C:\Users\personal\AppData\Local\Programs\Python\Launcher\;C:\Users\personal\AppData\Local\Microsoft\WindowsApps;G:\Microsoft VS Code\bin;C:\Users\personal\.dotnet\tools;C:\Users\personal\AppData\Local\GitHubDesktop\bin;;C:\Users\personal\IntelliJ IDEA Community Edition 2024.3.4\bin;;D:\cursor\cursor\resources\app\bin
USERNAME=personal
OS=Windows_NT
PROCESSOR_IDENTIFIER=AMD64 Family 23 Model 24 Stepping 1, AuthenticAMD



---------------  S Y S T E M  ---------------

OS:
 Windows 11 , 64 bit Build 22621 (10.0.22621.3235)
OS uptime: 0 days 4:48 hours

CPU: total 8 (initial active 8) (8 cores per cpu, 2 threads per core) family 23 model 24 stepping 1 microcode 0x0, cx8, cmov, fxsr, ht, mmx, 3dnowpref, sse, sse2, sse3, ssse3, sse4a, sse4.1, sse4.2, popcnt, lzcnt, tsc, tscinvbit, avx, avx2, aes, clmul, bmi1, bmi2, adx, sha, fma, vzeroupper, clflush, clflushopt

Memory: 4k page, system-wide physical 14258M (2024M free)
TotalPageFile size 28516M (AvailPageFile size 8482M)
current process WorkingSet (physical memory assigned to process): 113M, peak: 135M
current process commit charge ("private bytes"): 385M, peak: 410M

vm_info: Java HotSpot(TM) 64-Bit Server VM (17.0.12+8-LTS-286) for windows-amd64 JRE (17.0.12+8-LTS-286), built on Jun  5 2024 06:46:59 by "mach5one" with MS VC++ 17.6 (VS2022)

END.
